stderr | src/modules/__tests__/acquisition-planner-integration.test.ts > SterlingPlanner Rig D dispatch > falls through to compiler when acquisition solver throws
Sterling acquisition solver failed for compiler-routed requirement, falling through to compiler: Error: solver crashed
    at [90m/Users/darianrosebrook/Desktop/Projects/conscious-bot/packages/planning/[39msrc/modules/__tests__/acquisition-planner-integration.test.ts:201:47
    at file:///Users/darianrosebrook/Desktop/Projects/conscious-bot/node_modules/[4m.pnpm[24m/@vitest+runner@3.2.4/node_modules/[4m@vitest[24m/runner/dist/chunk-hooks.js:155:11
    at file:///Users/darianrosebrook/Desktop/Projects/conscious-bot/node_modules/[4m.pnpm[24m/@vitest+runner@3.2.4/node_modules/[4m@vitest[24m/runner/dist/chunk-hooks.js:752:26
    at file:///Users/darianrosebrook/Desktop/Projects/conscious-bot/node_modules/[4m.pnpm[24m/@vitest+runner@3.2.4/node_modules/[4m@vitest[24m/runner/dist/chunk-hooks.js:1897:20
    at new Promise (<anonymous>)
    at runWithTimeout (file:///Users/darianrosebrook/Desktop/Projects/conscious-bot/node_modules/[4m.pnpm[24m/@vitest+runner@3.2.4/node_modules/[4m@vitest[24m/runner/dist/chunk-hooks.js:1863:10)
    at runTest (file:///Users/darianrosebrook/Desktop/Projects/conscious-bot/node_modules/[4m.pnpm[24m/@vitest+runner@3.2.4/node_modules/[4m@vitest[24m/runner/dist/chunk-hooks.js:1574:12)
[90m    at processTicksAndRejections (node:internal/process/task_queues:105:5)[39m
    at runSuite (file:///Users/darianrosebrook/Desktop/Projects/conscious-bot/node_modules/[4m.pnpm[24m/@vitest+runner@3.2.4/node_modules/[4m@vitest[24m/runner/dist/chunk-hooks.js:1729:8)
    at runSuite (file:///Users/darianrosebrook/Desktop/Projects/conscious-bot/node_modules/[4m.pnpm[24m/@vitest+runner@3.2.4/node_modules/[4m@vitest[24m/runner/dist/chunk-hooks.js:1729:8)

stderr | src/modules/__tests__/acquisition-planner-integration.test.ts > SterlingPlanner Rig D dispatch > falls through to compiler when acquisition solver throws
Sterling acquisition solver failed for compiler-routed requirement, falling through to compiler: Error: solver crashed
    at [90m/Users/darianrosebrook/Desktop/Projects/conscious-bot/packages/planning/[39msrc/modules/__tests__/acquisition-planner-integration.test.ts:201:47
    at file:///Users/darianrosebrook/Desktop/Projects/conscious-bot/node_modules/[4m.pnpm[24m/@vitest+runner@3.2.4/node_modules/[4m@vitest[24m/runner/dist/chunk-hooks.js:155:11
    at file:///Users/darianrosebrook/Desktop/Projects/conscious-bot/node_modules/[4m.pnpm[24m/@vitest+runner@3.2.4/node_modules/[4m@vitest[24m/runner/dist/chunk-hooks.js:752:26
    at file:///Users/darianrosebrook/Desktop/Projects/conscious-bot/node_modules/[4m.pnpm[24m/@vitest+runner@3.2.4/node_modules/[4m@vitest[24m/runner/dist/chunk-hooks.js:1897:20
    at new Promise (<anonymous>)
    at runWithTimeout (file:///Users/darianrosebrook/Desktop/Projects/conscious-bot/node_modules/[4m.pnpm[24m/@vitest+runner@3.2.4/node_modules/[4m@vitest[24m/runner/dist/chunk-hooks.js:1863:10)
    at runTest (file:///Users/darianrosebrook/Desktop/Projects/conscious-bot/node_modules/[4m.pnpm[24m/@vitest+runner@3.2.4/node_modules/[4m@vitest[24m/runner/dist/chunk-hooks.js:1574:12)
[90m    at processTicksAndRejections (node:internal/process/task_queues:105:5)[39m
    at runSuite (file:///Users/darianrosebrook/Desktop/Projects/conscious-bot/node_modules/[4m.pnpm[24m/@vitest+runner@3.2.4/node_modules/[4m@vitest[24m/runner/dist/chunk-hooks.js:1729:8)
    at runSuite (file:///Users/darianrosebrook/Desktop/Projects/conscious-bot/node_modules/[4m.pnpm[24m/@vitest+runner@3.2.4/node_modules/[4m@vitest[24m/runner/dist/chunk-hooks.js:1729:8)

stderr | src/modules/__tests__/mc-client.test.ts > mc-client timeout handling > returns timeout failure kind for health check aborts
Bot connection check failed after retry: {
  error: DOMException [AbortError]: This operation was aborted
  [90m    at new DOMException (node:internal/per_context/domexception:66:5)[39m
      at [90m/Users/darianrosebrook/Desktop/Projects/conscious-bot/packages/planning/[39msrc/modules/__tests__/mc-client.test.ts:27:24
      at file:///Users/darianrosebrook/Desktop/Projects/conscious-bot/node_modules/[4m.pnpm[24m/@vitest+runner@3.2.4/node_modules/[4m@vitest[24m/runner/dist/chunk-hooks.js:155:11
      at file:///Users/darianrosebrook/Desktop/Projects/conscious-bot/node_modules/[4m.pnpm[24m/@vitest+runner@3.2.4/node_modules/[4m@vitest[24m/runner/dist/chunk-hooks.js:752:26
      at file:///Users/darianrosebrook/Desktop/Projects/conscious-bot/node_modules/[4m.pnpm[24m/@vitest+runner@3.2.4/node_modules/[4m@vitest[24m/runner/dist/chunk-hooks.js:1897:20
      at new Promise (<anonymous>)
      at runWithTimeout (file:///Users/darianrosebrook/Desktop/Projects/conscious-bot/node_modules/[4m.pnpm[24m/@vitest+runner@3.2.4/node_modules/[4m@vitest[24m/runner/dist/chunk-hooks.js:1863:10)
      at runTest (file:///Users/darianrosebrook/Desktop/Projects/conscious-bot/node_modules/[4m.pnpm[24m/@vitest+runner@3.2.4/node_modules/[4m@vitest[24m/runner/dist/chunk-hooks.js:1574:12)
  [90m    at processTicksAndRejections (node:internal/process/task_queues:105:5)[39m
      at runSuite (file:///Users/darianrosebrook/Desktop/Projects/conscious-bot/node_modules/[4m.pnpm[24m/@vitest+runner@3.2.4/node_modules/[4m@vitest[24m/runner/dist/chunk-hooks.js:1729:8),
  failureKind: [32m'timeout'[39m
}
stderr | src/modules/__tests__/mc-client.test.ts > mc-client timeout handling > returns timeout failure kind for health check aborts
Bot connection check failed after retry: {
  error: DOMException [AbortError]: This operation was aborted
  [90m    at new DOMException (node:internal/per_context/domexception:66:5)[39m
      at [90m/Users/darianrosebrook/Desktop/Projects/conscious-bot/packages/planning/[39msrc/modules/__tests__/mc-client.test.ts:27:24
      at file:///Users/darianrosebrook/Desktop/Projects/conscious-bot/node_modules/[4m.pnpm[24m/@vitest+runner@3.2.4/node_modules/[4m@vitest[24m/runner/dist/chunk-hooks.js:155:11
      at file:///Users/darianrosebrook/Desktop/Projects/conscious-bot/node_modules/[4m.pnpm[24m/@vitest+runner@3.2.4/node_modules/[4m@vitest[24m/runner/dist/chunk-hooks.js:752:26
      at file:///Users/darianrosebrook/Desktop/Projects/conscious-bot/node_modules/[4m.pnpm[24m/@vitest+runner@3.2.4/node_modules/[4m@vitest[24m/runner/dist/chunk-hooks.js:1897:20
      at new Promise (<anonymous>)
      at runWithTimeout (file:///Users/darianrosebrook/Desktop/Projects/conscious-bot/node_modules/[4m.pnpm[24m/@vitest+runner@3.2.4/node_modules/[4m@vitest[24m/runner/dist/chunk-hooks.js:1863:10)
      at runTest (file:///Users/darianrosebrook/Desktop/Projects/conscious-bot/node_modules/[4m.pnpm[24m/@vitest+runner@3.2.4/node_modules/[4m@vitest[24m/runner/dist/chunk-hooks.js:1574:12)
  [90m    at processTicksAndRejections (node:internal/process/task_queues:105:5)[39m
      at runSuite (file:///Users/darianrosebrook/Desktop/Projects/conscious-bot/node_modules/[4m.pnpm[24m/@vitest+runner@3.2.4/node_modules/[4m@vitest[24m/runner/dist/chunk-hooks.js:1729:8),
  failureKind: [32m'timeout'[39m
}


stderr | src/task-integration/__tests__/task-integration-pipeline.test.ts > Rig E with hierarchical planner configured > navigate task produces steps with rig-e-macro source (or falls back gracefully)
[PlanRoute] Rig E hierarchical planner blocked: ontology_gap. Task "Navigate to the cave".

stderr | src/task-integration/__tests__/task-integration-pipeline.test.ts > Rig E with hierarchical planner configured > navigate task produces steps with rig-e-macro source (or falls back gracefully)
[PlanRoute] Rig E hierarchical planner blocked: ontology_gap. Task "Navigate to the cave".

stderr | src/server/__tests__/cognitive-task-handler.test.ts > convertCognitiveReflectionToTasks > marks cognitive task failed on error
[CognitiveHandler] Failed to convert cognitive reflection to tasks: Error: test error
    at [90m/Users/darianrosebrook/Desktop/Projects/conscious-bot/packages/planning/[39msrc/server/__tests__/cognitive-task-handler.test.ts:235:7
    at file:///Users/darianrosebrook/Desktop/Projects/conscious-bot/node_modules/[4m.pnpm[24m/@vitest+runner@3.2.4/node_modules/[4m@vitest[24m/runner/dist/chunk-hooks.js:155:11
    at file:///Users/darianrosebrook/Desktop/Projects/conscious-bot/node_modules/[4m.pnpm[24m/@vitest+runner@3.2.4/node_modules/[4m@vitest[24m/runner/dist/chunk-hooks.js:752:26
    at file:///Users/darianrosebrook/Desktop/Projects/conscious-bot/node_modules/[4m.pnpm[24m/@vitest+runner@3.2.4/node_modules/[4m@vitest[24m/runner/dist/chunk-hooks.js:1897:20
    at new Promise (<anonymous>)
    at runWithTimeout (file:///Users/darianrosebrook/Desktop/Projects/conscious-bot/node_modules/[4m.pnpm[24m/@vitest+runner@3.2.4/node_modules/[4m@vitest[24m/runner/dist/chunk-hooks.js:1863:10)
    at runTest (file:///Users/darianrosebrook/Desktop/Projects/conscious-bot/node_modules/[4m.pnpm[24m/@vitest+runner@3.2.4/node_modules/[4m@vitest[24m/runner/dist/chunk-hooks.js:1574:12)
[90m    at processTicksAndRejections (node:internal/process/task_queues:105:5)[39m
    at runSuite (file:///Users/darianrosebrook/Desktop/Projects/conscious-bot/node_modules/[4m.pnpm[24m/@vitest+runner@3.2.4/node_modules/[4m@vitest[24m/runner/dist/chunk-hooks.js:1729:8)
    at runSuite (file:///Users/darianrosebrook/Desktop/Projects/conscious-bot/node_modules/[4m.pnpm[24m/@vitest+runner@3.2.4/node_modules/[4m@vitest[24m/runner/dist/chunk-hooks.js:1729:8)

stderr | src/server/__tests__/cognitive-task-handler.test.ts > convertCognitiveReflectionToTasks > marks cognitive task failed on error
[CognitiveHandler] Failed to convert cognitive reflection to tasks: Error: test error
    at [90m/Users/darianrosebrook/Desktop/Projects/conscious-bot/packages/planning/[39msrc/server/__tests__/cognitive-task-handler.test.ts:235:7
    at file:///Users/darianrosebrook/Desktop/Projects/conscious-bot/node_modules/[4m.pnpm[24m/@vitest+runner@3.2.4/node_modules/[4m@vitest[24m/runner/dist/chunk-hooks.js:155:11
    at file:///Users/darianrosebrook/Desktop/Projects/conscious-bot/node_modules/[4m.pnpm[24m/@vitest+runner@3.2.4/node_modules/[4m@vitest[24m/runner/dist/chunk-hooks.js:752:26
    at file:///Users/darianrosebrook/Desktop/Projects/conscious-bot/node_modules/[4m.pnpm[24m/@vitest+runner@3.2.4/node_modules/[4m@vitest[24m/runner/dist/chunk-hooks.js:1897:20
    at new Promise (<anonymous>)
    at runWithTimeout (file:///Users/darianrosebrook/Desktop/Projects/conscious-bot/node_modules/[4m.pnpm[24m/@vitest+runner@3.2.4/node_modules/[4m@vitest[24m/runner/dist/chunk-hooks.js:1863:10)
    at runTest (file:///Users/darianrosebrook/Desktop/Projects/conscious-bot/node_modules/[4m.pnpm[24m/@vitest+runner@3.2.4/node_modules/[4m@vitest[24m/runner/dist/chunk-hooks.js:1574:12)
[90m    at processTicksAndRejections (node:internal/process/task_queues:105:5)[39m
    at runSuite (file:///Users/darianrosebrook/Desktop/Projects/conscious-bot/node_modules/[4m.pnpm[24m/@vitest+runner@3.2.4/node_modules/[4m@vitest[24m/runner/dist/chunk-hooks.js:1729:8)
    at runSuite (file:///Users/darianrosebrook/Desktop/Projects/conscious-bot/node_modules/[4m.pnpm[24m/@vitest+runner@3.2.4/node_modules/[4m@vitest[24m/runner/dist/chunk-hooks.js:1729:8)

stderr | src/task-integration/__tests__/task-integration-pipeline.test.ts > Rig G feasibility gate in startTaskStep > feasible rigG â†’ startTaskStep proceeds (returns true with mocked bot)
Minecraft request failed for /health: Error: mock: no minecraft
    at Proxy.createServiceClients [90m(/Users/darianrosebrook/Desktop/Projects/conscious-bot/packages/planning/[39msrc/task-integration/__tests__/task-integration-pipeline.test.ts:24:38[90m)[39m
    at new TaskIntegration [90m(/Users/darianrosebrook/Desktop/Projects/conscious-bot/packages/planning/[39msrc/task-integration.ts:1127:28[90m)[39m
    at [90m/Users/darianrosebrook/Desktop/Projects/conscious-bot/packages/planning/[39msrc/task-integration/__tests__/task-integration-pipeline.test.ts:397:10
    at file:///Users/darianrosebrook/Desktop/Projects/conscious-bot/node_modules/[4m.pnpm[24m/@vitest+runner@3.2.4/node_modules/[4m@vitest[24m/runner/dist/chunk-hooks.js:155:11
    at file:///Users/darianrosebrook/Desktop/Projects/conscious-bot/node_modules/[4m.pnpm[24m/@vitest+runner@3.2.4/node_modules/[4m@vitest[24m/runner/dist/chunk-hooks.js:1897:20
    at new Promise (<anonymous>)
    at runWithTimeout (file:///Users/darianrosebrook/Desktop/Projects/conscious-bot/node_modules/[4m.pnpm[24m/@vitest+runner@3.2.4/node_modules/[4m@vitest[24m/runner/dist/chunk-hooks.js:1863:10)
    at runHook (file:///Users/darianrosebrook/Desktop/Projects/conscious-bot/node_modules/[4m.pnpm[24m/@vitest+runner@3.2.4/node_modules/[4m@vitest[24m/runner/dist/chunk-hooks.js:1436:51)
    at callSuiteHook (file:///Users/darianrosebrook/Desktop/Projects/conscious-bot/node_modules/[4m.pnpm[24m/@vitest+runner@3.2.4/node_modules/[4m@vitest[24m/runner/dist/chunk-hooks.js:1442:25)
[90m    at processTicksAndRejections (node:internal/process/task_queues:105:5)[39m
Minecraft request failed for /inventory: Error: mock: no minecraft
    at Proxy.createServiceClients [90m(/Users/darianrosebrook/Desktop/Projects/conscious-bot/packages/planning/[39msrc/task-integration/__tests__/task-integration-pipeline.test.ts:24:38[90m)[39m
    at new TaskIntegration [90m(/Users/darianrosebrook/Desktop/Projects/conscious-bot/packages/planning/[39msrc/task-integration.ts:1127:28[90m)[39m
    at [90m/Users/darianrosebrook/Desktop/Projects/conscious-bot/packages/planning/[39msrc/task-integration/__tests__/task-integration-pipeline.test.ts:397:10
    at file:///Users/darianrosebrook/Desktop/Projects/conscious-bot/node_modules/[4m.pnpm[24m/@vitest+runner@3.2.4/node_modules/[4m@vitest[24m/runner/dist/chunk-hooks.js:155:11
    at file:///Users/darianrosebrook/Desktop/Projects/conscious-bot/node_modules/[4m.pnpm[24m/@vitest+runner@3.2.4/node_modules/[4m@vitest[24m/runner/dist/chunk-hooks.js:1897:20
    at new Promise (<anonymous>)
    at runWithTimeout (file:///Users/darianrosebrook/Desktop/Projects/conscious-bot/node_modules/[4m.pnpm[24m/@vitest+runner@3.2.4/node_modules/[4m@vitest[24m/runner/dist/chunk-hooks.js:1863:10)
    at runHook (file:///Users/darianrosebrook/Desktop/Projects/conscious-bot/node_modules/[4m.pnpm[24m/@vitest+runner@3.2.4/node_modules/[4m@vitest[24m/runner/dist/chunk-hooks.js:1436:51)
    at callSuiteHook (file:///Users/darianrosebrook/Desktop/Projects/conscious-bot/node_modules/[4m.pnpm[24m/@vitest+runner@3.2.4/node_modules/[4m@vitest[24m/runner/dist/chunk-hooks.js:1442:25)
[90m    at processTicksAndRejections (node:internal/process/task_queues:105:5)[39m
stderr | src/task-integration/__tests__/task-integration-pipeline.test.ts > Rig G feasibility gate in startTaskStep > feasible rigG â†’ startTaskStep proceeds (returns true with mocked bot)
Minecraft request failed for /health: Error: mock: no minecraft
    at Proxy.createServiceClients [90m(/Users/darianrosebrook/Desktop/Projects/conscious-bot/packages/planning/[39msrc/task-integration/__tests__/task-integration-pipeline.test.ts:24:38[90m)[39m
    at new TaskIntegration [90m(/Users/darianrosebrook/Desktop/Projects/conscious-bot/packages/planning/[39msrc/task-integration.ts:1127:28[90m)[39m
    at [90m/Users/darianrosebrook/Desktop/Projects/conscious-bot/packages/planning/[39msrc/task-integration/__tests__/task-integration-pipeline.test.ts:397:10
    at file:///Users/darianrosebrook/Desktop/Projects/conscious-bot/node_modules/[4m.pnpm[24m/@vitest+runner@3.2.4/node_modules/[4m@vitest[24m/runner/dist/chunk-hooks.js:155:11
    at file:///Users/darianrosebrook/Desktop/Projects/conscious-bot/node_modules/[4m.pnpm[24m/@vitest+runner@3.2.4/node_modules/[4m@vitest[24m/runner/dist/chunk-hooks.js:1897:20
    at new Promise (<anonymous>)
    at runWithTimeout (file:///Users/darianrosebrook/Desktop/Projects/conscious-bot/node_modules/[4m.pnpm[24m/@vitest+runner@3.2.4/node_modules/[4m@vitest[24m/runner/dist/chunk-hooks.js:1863:10)
    at runHook (file:///Users/darianrosebrook/Desktop/Projects/conscious-bot/node_modules/[4m.pnpm[24m/@vitest+runner@3.2.4/node_modules/[4m@vitest[24m/runner/dist/chunk-hooks.js:1436:51)
    at callSuiteHook (file:///Users/darianrosebrook/Desktop/Projects/conscious-bot/node_modules/[4m.pnpm[24m/@vitest+runner@3.2.4/node_modules/[4m@vitest[24m/runner/dist/chunk-hooks.js:1442:25)
[90m    at processTicksAndRejections (node:internal/process/task_queues:105:5)[39m
Minecraft request failed for /inventory: Error: mock: no minecraft
    at Proxy.createServiceClients [90m(/Users/darianrosebrook/Desktop/Projects/conscious-bot/packages/planning/[39msrc/task-integration/__tests__/task-integration-pipeline.test.ts:24:38[90m)[39m
    at new TaskIntegration [90m(/Users/darianrosebrook/Desktop/Projects/conscious-bot/packages/planning/[39msrc/task-integration.ts:1127:28[90m)[39m
    at [90m/Users/darianrosebrook/Desktop/Projects/conscious-bot/packages/planning/[39msrc/task-integration/__tests__/task-integration-pipeline.test.ts:397:10
    at file:///Users/darianrosebrook/Desktop/Projects/conscious-bot/node_modules/[4m.pnpm[24m/@vitest+runner@3.2.4/node_modules/[4m@vitest[24m/runner/dist/chunk-hooks.js:155:11
    at file:///Users/darianrosebrook/Desktop/Projects/conscious-bot/node_modules/[4m.pnpm[24m/@vitest+runner@3.2.4/node_modules/[4m@vitest[24m/runner/dist/chunk-hooks.js:1897:20
    at new Promise (<anonymous>)
    at runWithTimeout (file:///Users/darianrosebrook/Desktop/Projects/conscious-bot/node_modules/[4m.pnpm[24m/@vitest+runner@3.2.4/node_modules/[4m@vitest[24m/runner/dist/chunk-hooks.js:1863:10)
    at runHook (file:///Users/darianrosebrook/Desktop/Projects/conscious-bot/node_modules/[4m.pnpm[24m/@vitest+runner@3.2.4/node_modules/[4m@vitest[24m/runner/dist/chunk-hooks.js:1436:51)
    at callSuiteHook (file:///Users/darianrosebrook/Desktop/Projects/conscious-bot/node_modules/[4m.pnpm[24m/@vitest+runner@3.2.4/node_modules/[4m@vitest[24m/runner/dist/chunk-hooks.js:1442:25)
[90m    at processTicksAndRejections (node:internal/process/task_queues:105:5)[39m


stderr | src/task-integration/__tests__/task-integration-pipeline.test.ts > Rig G feasibility gate in startTaskStep > rigG gate fires exactly once per task (checked flag)
Minecraft request failed for /health: Error: mock: no minecraft
    at Proxy.createServiceClients [90m(/Users/darianrosebrook/Desktop/Projects/conscious-bot/packages/planning/[39msrc/task-integration/__tests__/task-integration-pipeline.test.ts:24:38[90m)[39m
    at new TaskIntegration [90m(/Users/darianrosebrook/Desktop/Projects/conscious-bot/packages/planning/[39msrc/task-integration.ts:1127:28[90m)[39m
    at [90m/Users/darianrosebrook/Desktop/Projects/conscious-bot/packages/planning/[39msrc/task-integration/__tests__/task-integration-pipeline.test.ts:397:10
    at file:///Users/darianrosebrook/Desktop/Projects/conscious-bot/node_modules/[4m.pnpm[24m/@vitest+runner@3.2.4/node_modules/[4m@vitest[24m/runner/dist/chunk-hooks.js:155:11
    at file:///Users/darianrosebrook/Desktop/Projects/conscious-bot/node_modules/[4m.pnpm[24m/@vitest+runner@3.2.4/node_modules/[4m@vitest[24m/runner/dist/chunk-hooks.js:1897:20
    at new Promise (<anonymous>)
    at runWithTimeout (file:///Users/darianrosebrook/Desktop/Projects/conscious-bot/node_modules/[4m.pnpm[24m/@vitest+runner@3.2.4/node_modules/[4m@vitest[24m/runner/dist/chunk-hooks.js:1863:10)
    at runHook (file:///Users/darianrosebrook/Desktop/Projects/conscious-bot/node_modules/[4m.pnpm[24m/@vitest+runner@3.2.4/node_modules/[4m@vitest[24m/runner/dist/chunk-hooks.js:1436:51)
    at callSuiteHook (file:///Users/darianrosebrook/Desktop/Projects/conscious-bot/node_modules/[4m.pnpm[24m/@vitest+runner@3.2.4/node_modules/[4m@vitest[24m/runner/dist/chunk-hooks.js:1442:25)
[90m    at processTicksAndRejections (node:internal/process/task_queues:105:5)[39m
Minecraft request failed for /inventory: Error: mock: no minecraft
    at Proxy.createServiceClients [90m(/Users/darianrosebrook/Desktop/Projects/conscious-bot/packages/planning/[39msrc/task-integration/__tests__/task-integration-pipeline.test.ts:24:38[90m)[39m
    at new TaskIntegration [90m(/Users/darianrosebrook/Desktop/Projects/conscious-bot/packages/planning/[39msrc/task-integration.ts:1127:28[90m)[39m
    at [90m/Users/darianrosebrook/Desktop/Projects/conscious-bot/packages/planning/[39msrc/task-integration/__tests__/task-integration-pipeline.test.ts:397:10
    at file:///Users/darianrosebrook/Desktop/Projects/conscious-bot/node_modules/[4m.pnpm[24m/@vitest+runner@3.2.4/node_modules/[4m@vitest[24m/runner/dist/chunk-hooks.js:155:11
    at file:///Users/darianrosebrook/Desktop/Projects/conscious-bot/node_modules/[4m.pnpm[24m/@vitest+runner@3.2.4/node_modules/[4m@vitest[24m/runner/dist/chunk-hooks.js:1897:20
    at new Promise (<anonymous>)
    at runWithTimeout (file:///Users/darianrosebrook/Desktop/Projects/conscious-bot/node_modules/[4m.pnpm[24m/@vitest+runner@3.2.4/node_modules/[4m@vitest[24m/runner/dist/chunk-hooks.js:1863:10)
    at runHook (file:///Users/darianrosebrook/Desktop/Projects/conscious-bot/node_modules/[4m.pnpm[24m/@vitest+runner@3.2.4/node_modules/[4m@vitest[24m/runner/dist/chunk-hooks.js:1436:51)
    at callSuiteHook (file:///Users/darianrosebrook/Desktop/Projects/conscious-bot/node_modules/[4m.pnpm[24m/@vitest+runner@3.2.4/node_modules/[4m@vitest[24m/runner/dist/chunk-hooks.js:1442:25)
[90m    at processTicksAndRejections (node:internal/process/task_queues:105:5)[39m

stderr | src/task-integration/__tests__/task-integration-pipeline.test.ts > Rig G feasibility gate in startTaskStep > rigG gate fires exactly once per task (checked flag)
Minecraft request failed for /health: Error: mock: no minecraft
    at Proxy.createServiceClients [90m(/Users/darianrosebrook/Desktop/Projects/conscious-bot/packages/planning/[39msrc/task-integration/__tests__/task-integration-pipeline.test.ts:24:38[90m)[39m
    at new TaskIntegration [90m(/Users/darianrosebrook/Desktop/Projects/conscious-bot/packages/planning/[39msrc/task-integration.ts:1127:28[90m)[39m
    at [90m/Users/darianrosebrook/Desktop/Projects/conscious-bot/packages/planning/[39msrc/task-integration/__tests__/task-integration-pipeline.test.ts:397:10
    at file:///Users/darianrosebrook/Desktop/Projects/conscious-bot/node_modules/[4m.pnpm[24m/@vitest+runner@3.2.4/node_modules/[4m@vitest[24m/runner/dist/chunk-hooks.js:155:11
    at file:///Users/darianrosebrook/Desktop/Projects/conscious-bot/node_modules/[4m.pnpm[24m/@vitest+runner@3.2.4/node_modules/[4m@vitest[24m/runner/dist/chunk-hooks.js:1897:20
    at new Promise (<anonymous>)
    at runWithTimeout (file:///Users/darianrosebrook/Desktop/Projects/conscious-bot/node_modules/[4m.pnpm[24m/@vitest+runner@3.2.4/node_modules/[4m@vitest[24m/runner/dist/chunk-hooks.js:1863:10)
    at runHook (file:///Users/darianrosebrook/Desktop/Projects/conscious-bot/node_modules/[4m.pnpm[24m/@vitest+runner@3.2.4/node_modules/[4m@vitest[24m/runner/dist/chunk-hooks.js:1436:51)
    at callSuiteHook (file:///Users/darianrosebrook/Desktop/Projects/conscious-bot/node_modules/[4m.pnpm[24m/@vitest+runner@3.2.4/node_modules/[4m@vitest[24m/runner/dist/chunk-hooks.js:1442:25)
[90m    at processTicksAndRejections (node:internal/process/task_queues:105:5)[39m
Minecraft request failed for /inventory: Error: mock: no minecraft
    at Proxy.createServiceClients [90m(/Users/darianrosebrook/Desktop/Projects/conscious-bot/packages/planning/[39msrc/task-integration/__tests__/task-integration-pipeline.test.ts:24:38[90m)[39m
    at new TaskIntegration [90m(/Users/darianrosebrook/Desktop/Projects/conscious-bot/packages/planning/[39msrc/task-integration.ts:1127:28[90m)[39m
    at [90m/Users/darianrosebrook/Desktop/Projects/conscious-bot/packages/planning/[39msrc/task-integration/__tests__/task-integration-pipeline.test.ts:397:10
    at file:///Users/darianrosebrook/Desktop/Projects/conscious-bot/node_modules/[4m.pnpm[24m/@vitest+runner@3.2.4/node_modules/[4m@vitest[24m/runner/dist/chunk-hooks.js:155:11
    at file:///Users/darianrosebrook/Desktop/Projects/conscious-bot/node_modules/[4m.pnpm[24m/@vitest+runner@3.2.4/node_modules/[4m@vitest[24m/runner/dist/chunk-hooks.js:1897:20
    at new Promise (<anonymous>)
    at runWithTimeout (file:///Users/darianrosebrook/Desktop/Projects/conscious-bot/node_modules/[4m.pnpm[24m/@vitest+runner@3.2.4/node_modules/[4m@vitest[24m/runner/dist/chunk-hooks.js:1863:10)
    at runHook (file:///Users/darianrosebrook/Desktop/Projects/conscious-bot/node_modules/[4m.pnpm[24m/@vitest+runner@3.2.4/node_modules/[4m@vitest[24m/runner/dist/chunk-hooks.js:1436:51)
    at callSuiteHook (file:///Users/darianrosebrook/Desktop/Projects/conscious-bot/node_modules/[4m.pnpm[24m/@vitest+runner@3.2.4/node_modules/[4m@vitest[24m/runner/dist/chunk-hooks.js:1442:25)
[90m    at processTicksAndRejections (node:internal/process/task_queues:105:5)[39m

stderr | src/task-integration/__tests__/task-integration-pipeline.test.ts > Rig G feasibility gate in startTaskStep > rigG gate fires exactly once per task (checked flag)
Minecraft request failed for /health: Error: mock: no minecraft
    at Proxy.createServiceClients [90m(/Users/darianrosebrook/Desktop/Projects/conscious-bot/packages/planning/[39msrc/task-integration/__tests__/task-integration-pipeline.test.ts:24:38[90m)[39m
    at new TaskIntegration [90m(/Users/darianrosebrook/Desktop/Projects/conscious-bot/packages/planning/[39msrc/task-integration.ts:1127:28[90m)[39m
    at [90m/Users/darianrosebrook/Desktop/Projects/conscious-bot/packages/planning/[39msrc/task-integration/__tests__/task-integration-pipeline.test.ts:397:10
    at file:///Users/darianrosebrook/Desktop/Projects/conscious-bot/node_modules/[4m.pnpm[24m/@vitest+runner@3.2.4/node_modules/[4m@vitest[24m/runner/dist/chunk-hooks.js:155:11
    at file:///Users/darianrosebrook/Desktop/Projects/conscious-bot/node_modules/[4m.pnpm[24m/@vitest+runner@3.2.4/node_modules/[4m@vitest[24m/runner/dist/chunk-hooks.js:1897:20
    at new Promise (<anonymous>)
    at runWithTimeout (file:///Users/darianrosebrook/Desktop/Projects/conscious-bot/node_modules/[4m.pnpm[24m/@vitest+runner@3.2.4/node_modules/[4m@vitest[24m/runner/dist/chunk-hooks.js:1863:10)
    at runHook (file:///Users/darianrosebrook/Desktop/Projects/conscious-bot/node_modules/[4m.pnpm[24m/@vitest+runner@3.2.4/node_modules/[4m@vitest[24m/runner/dist/chunk-hooks.js:1436:51)
    at callSuiteHook (file:///Users/darianrosebrook/Desktop/Projects/conscious-bot/node_modules/[4m.pnpm[24m/@vitest+runner@3.2.4/node_modules/[4m@vitest[24m/runner/dist/chunk-hooks.js:1442:25)
[90m    at processTicksAndRejections (node:internal/process/task_queues:105:5)[39m
Minecraft request failed for /inventory: Error: mock: no minecraft
    at Proxy.createServiceClients [90m(/Users/darianrosebrook/Desktop/Projects/conscious-bot/packages/planning/[39msrc/task-integration/__tests__/task-integration-pipeline.test.ts:24:38[90m)[39m
    at new TaskIntegration [90m(/Users/darianrosebrook/Desktop/Projects/conscious-bot/packages/planning/[39msrc/task-integration.ts:1127:28[90m)[39m
    at [90m/Users/darianrosebrook/Desktop/Projects/conscious-bot/packages/planning/[39msrc/task-integration/__tests__/task-integration-pipeline.test.ts:397:10
    at file:///Users/darianrosebrook/Desktop/Projects/conscious-bot/node_modules/[4m.pnpm[24m/@vitest+runner@3.2.4/node_modules/[4m@vitest[24m/runner/dist/chunk-hooks.js:155:11
    at file:///Users/darianrosebrook/Desktop/Projects/conscious-bot/node_modules/[4m.pnpm[24m/@vitest+runner@3.2.4/node_modules/[4m@vitest[24m/runner/dist/chunk-hooks.js:1897:20
    at new Promise (<anonymous>)
    at runWithTimeout (file:///Users/darianrosebrook/Desktop/Projects/conscious-bot/node_modules/[4m.pnpm[24m/@vitest+runner@3.2.4/node_modules/[4m@vitest[24m/runner/dist/chunk-hooks.js:1863:10)
    at runHook (file:///Users/darianrosebrook/Desktop/Projects/conscious-bot/node_modules/[4m.pnpm[24m/@vitest+runner@3.2.4/node_modules/[4m@vitest[24m/runner/dist/chunk-hooks.js:1436:51)
    at callSuiteHook (file:///Users/darianrosebrook/Desktop/Projects/conscious-bot/node_modules/[4m.pnpm[24m/@vitest+runner@3.2.4/node_modules/[4m@vitest[24m/runner/dist/chunk-hooks.js:1442:25)
[90m    at processTicksAndRejections (node:internal/process/task_queues:105:5)[39m
stderr | src/task-integration/__tests__/task-integration-pipeline.test.ts > Rig G feasibility gate in startTaskStep > rigG gate fires exactly once per task (checked flag)
Minecraft request failed for /health: Error: mock: no minecraft
    at Proxy.createServiceClients [90m(/Users/darianrosebrook/Desktop/Projects/conscious-bot/packages/planning/[39msrc/task-integration/__tests__/task-integration-pipeline.test.ts:24:38[90m)[39m
    at new TaskIntegration [90m(/Users/darianrosebrook/Desktop/Projects/conscious-bot/packages/planning/[39msrc/task-integration.ts:1127:28[90m)[39m
    at [90m/Users/darianrosebrook/Desktop/Projects/conscious-bot/packages/planning/[39msrc/task-integration/__tests__/task-integration-pipeline.test.ts:397:10
    at file:///Users/darianrosebrook/Desktop/Projects/conscious-bot/node_modules/[4m.pnpm[24m/@vitest+runner@3.2.4/node_modules/[4m@vitest[24m/runner/dist/chunk-hooks.js:155:11
    at file:///Users/darianrosebrook/Desktop/Projects/conscious-bot/node_modules/[4m.pnpm[24m/@vitest+runner@3.2.4/node_modules/[4m@vitest[24m/runner/dist/chunk-hooks.js:1897:20
    at new Promise (<anonymous>)
    at runWithTimeout (file:///Users/darianrosebrook/Desktop/Projects/conscious-bot/node_modules/[4m.pnpm[24m/@vitest+runner@3.2.4/node_modules/[4m@vitest[24m/runner/dist/chunk-hooks.js:1863:10)
    at runHook (file:///Users/darianrosebrook/Desktop/Projects/conscious-bot/node_modules/[4m.pnpm[24m/@vitest+runner@3.2.4/node_modules/[4m@vitest[24m/runner/dist/chunk-hooks.js:1436:51)
    at callSuiteHook (file:///Users/darianrosebrook/Desktop/Projects/conscious-bot/node_modules/[4m.pnpm[24m/@vitest+runner@3.2.4/node_modules/[4m@vitest[24m/runner/dist/chunk-hooks.js:1442:25)
[90m    at processTicksAndRejections (node:internal/process/task_queues:105:5)[39m
Minecraft request failed for /inventory: Error: mock: no minecraft
    at Proxy.createServiceClients [90m(/Users/darianrosebrook/Desktop/Projects/conscious-bot/packages/planning/[39msrc/task-integration/__tests__/task-integration-pipeline.test.ts:24:38[90m)[39m
    at new TaskIntegration [90m(/Users/darianrosebrook/Desktop/Projects/conscious-bot/packages/planning/[39msrc/task-integration.ts:1127:28[90m)[39m
    at [90m/Users/darianrosebrook/Desktop/Projects/conscious-bot/packages/planning/[39msrc/task-integration/__tests__/task-integration-pipeline.test.ts:397:10
    at file:///Users/darianrosebrook/Desktop/Projects/conscious-bot/node_modules/[4m.pnpm[24m/@vitest+runner@3.2.4/node_modules/[4m@vitest[24m/runner/dist/chunk-hooks.js:155:11
    at file:///Users/darianrosebrook/Desktop/Projects/conscious-bot/node_modules/[4m.pnpm[24m/@vitest+runner@3.2.4/node_modules/[4m@vitest[24m/runner/dist/chunk-hooks.js:1897:20
    at new Promise (<anonymous>)
    at runWithTimeout (file:///Users/darianrosebrook/Desktop/Projects/conscious-bot/node_modules/[4m.pnpm[24m/@vitest+runner@3.2.4/node_modules/[4m@vitest[24m/runner/dist/chunk-hooks.js:1863:10)
    at runHook (file:///Users/darianrosebrook/Desktop/Projects/conscious-bot/node_modules/[4m.pnpm[24m/@vitest+runner@3.2.4/node_modules/[4m@vitest[24m/runner/dist/chunk-hooks.js:1436:51)
    at callSuiteHook (file:///Users/darianrosebrook/Desktop/Projects/conscious-bot/node_modules/[4m.pnpm[24m/@vitest+runner@3.2.4/node_modules/[4m@vitest[24m/runner/dist/chunk-hooks.js:1442:25)
[90m    at processTicksAndRejections (node:internal/process/task_queues:105:5)[39m


stderr | src/task-integration/__tests__/task-integration-pipeline.test.ts > startTaskStep dryRun mode (shadow-safe) > non-dryRun: existing behavior unchanged (feasible gate still mutates)
Minecraft request failed for /health: Error: mock: no minecraft
    at Proxy.createServiceClients [90m(/Users/darianrosebrook/Desktop/Projects/conscious-bot/packages/planning/[39msrc/task-integration/__tests__/task-integration-pipeline.test.ts:24:38[90m)[39m
    at new TaskIntegration [90m(/Users/darianrosebrook/Desktop/Projects/conscious-bot/packages/planning/[39msrc/task-integration.ts:1127:28[90m)[39m
    at [90m/Users/darianrosebrook/Desktop/Projects/conscious-bot/packages/planning/[39msrc/task-integration/__tests__/task-integration-pipeline.test.ts:493:10
    at file:///Users/darianrosebrook/Desktop/Projects/conscious-bot/node_modules/[4m.pnpm[24m/@vitest+runner@3.2.4/node_modules/[4m@vitest[24m/runner/dist/chunk-hooks.js:155:11
    at file:///Users/darianrosebrook/Desktop/Projects/conscious-bot/node_modules/[4m.pnpm[24m/@vitest+runner@3.2.4/node_modules/[4m@vitest[24m/runner/dist/chunk-hooks.js:1897:20
    at new Promise (<anonymous>)
    at runWithTimeout (file:///Users/darianrosebrook/Desktop/Projects/conscious-bot/node_modules/[4m.pnpm[24m/@vitest+runner@3.2.4/node_modules/[4m@vitest[24m/runner/dist/chunk-hooks.js:1863:10)
    at runHook (file:///Users/darianrosebrook/Desktop/Projects/conscious-bot/node_modules/[4m.pnpm[24m/@vitest+runner@3.2.4/node_modules/[4m@vitest[24m/runner/dist/chunk-hooks.js:1436:51)
    at callSuiteHook (file:///Users/darianrosebrook/Desktop/Projects/conscious-bot/node_modules/[4m.pnpm[24m/@vitest+runner@3.2.4/node_modules/[4m@vitest[24m/runner/dist/chunk-hooks.js:1442:25)
[90m    at processTicksAndRejections (node:internal/process/task_queues:105:5)[39m
Minecraft request failed for /inventory: Error: mock: no minecraft
    at Proxy.createServiceClients [90m(/Users/darianrosebrook/Desktop/Projects/conscious-bot/packages/planning/[39msrc/task-integration/__tests__/task-integration-pipeline.test.ts:24:38[90m)[39m
    at new TaskIntegration [90m(/Users/darianrosebrook/Desktop/Projects/conscious-bot/packages/planning/[39msrc/task-integration.ts:1127:28[90m)[39m
    at [90m/Users/darianrosebrook/Desktop/Projects/conscious-bot/packages/planning/[39msrc/task-integration/__tests__/task-integration-pipeline.test.ts:493:10
    at file:///Users/darianrosebrook/Desktop/Projects/conscious-bot/node_modules/[4m.pnpm[24m/@vitest+runner@3.2.4/node_modules/[4m@vitest[24m/runner/dist/chunk-hooks.js:155:11
    at file:///Users/darianrosebrook/Desktop/Projects/conscious-bot/node_modules/[4m.pnpm[24m/@vitest+runner@3.2.4/node_modules/[4m@vitest[24m/runner/dist/chunk-hooks.js:1897:20
    at new Promise (<anonymous>)
    at runWithTimeout (file:///Users/darianrosebrook/Desktop/Projects/conscious-bot/node_modules/[4m.pnpm[24m/@vitest+runner@3.2.4/node_modules/[4m@vitest[24m/runner/dist/chunk-hooks.js:1863:10)
    at runHook (file:///Users/darianrosebrook/Desktop/Projects/conscious-bot/node_modules/[4m.pnpm[24m/@vitest+runner@3.2.4/node_modules/[4m@vitest[24m/runner/dist/chunk-hooks.js:1436:51)
    at callSuiteHook (file:///Users/darianrosebrook/Desktop/Projects/conscious-bot/node_modules/[4m.pnpm[24m/@vitest+runner@3.2.4/node_modules/[4m@vitest[24m/runner/dist/chunk-hooks.js:1442:25)
[90m    at processTicksAndRejections (node:internal/process/task_queues:105:5)[39m

stderr | src/task-integration/__tests__/task-integration-pipeline.test.ts > startTaskStep dryRun mode (shadow-safe) > non-dryRun: existing behavior unchanged (feasible gate still mutates)
Minecraft request failed for /health: Error: mock: no minecraft
    at Proxy.createServiceClients [90m(/Users/darianrosebrook/Desktop/Projects/conscious-bot/packages/planning/[39msrc/task-integration/__tests__/task-integration-pipeline.test.ts:24:38[90m)[39m
    at new TaskIntegration [90m(/Users/darianrosebrook/Desktop/Projects/conscious-bot/packages/planning/[39msrc/task-integration.ts:1127:28[90m)[39m
    at [90m/Users/darianrosebrook/Desktop/Projects/conscious-bot/packages/planning/[39msrc/task-integration/__tests__/task-integration-pipeline.test.ts:493:10
    at file:///Users/darianrosebrook/Desktop/Projects/conscious-bot/node_modules/[4m.pnpm[24m/@vitest+runner@3.2.4/node_modules/[4m@vitest[24m/runner/dist/chunk-hooks.js:155:11
    at file:///Users/darianrosebrook/Desktop/Projects/conscious-bot/node_modules/[4m.pnpm[24m/@vitest+runner@3.2.4/node_modules/[4m@vitest[24m/runner/dist/chunk-hooks.js:1897:20
    at new Promise (<anonymous>)
    at runWithTimeout (file:///Users/darianrosebrook/Desktop/Projects/conscious-bot/node_modules/[4m.pnpm[24m/@vitest+runner@3.2.4/node_modules/[4m@vitest[24m/runner/dist/chunk-hooks.js:1863:10)
    at runHook (file:///Users/darianrosebrook/Desktop/Projects/conscious-bot/node_modules/[4m.pnpm[24m/@vitest+runner@3.2.4/node_modules/[4m@vitest[24m/runner/dist/chunk-hooks.js:1436:51)
    at callSuiteHook (file:///Users/darianrosebrook/Desktop/Projects/conscious-bot/node_modules/[4m.pnpm[24m/@vitest+runner@3.2.4/node_modules/[4m@vitest[24m/runner/dist/chunk-hooks.js:1442:25)
[90m    at processTicksAndRejections (node:internal/process/task_queues:105:5)[39m
Minecraft request failed for /inventory: Error: mock: no minecraft
    at Proxy.createServiceClients [90m(/Users/darianrosebrook/Desktop/Projects/conscious-bot/packages/planning/[39msrc/task-integration/__tests__/task-integration-pipeline.test.ts:24:38[90m)[39m
    at new TaskIntegration [90m(/Users/darianrosebrook/Desktop/Projects/conscious-bot/packages/planning/[39msrc/task-integration.ts:1127:28[90m)[39m
    at [90m/Users/darianrosebrook/Desktop/Projects/conscious-bot/packages/planning/[39msrc/task-integration/__tests__/task-integration-pipeline.test.ts:493:10
    at file:///Users/darianrosebrook/Desktop/Projects/conscious-bot/node_modules/[4m.pnpm[24m/@vitest+runner@3.2.4/node_modules/[4m@vitest[24m/runner/dist/chunk-hooks.js:155:11
    at file:///Users/darianrosebrook/Desktop/Projects/conscious-bot/node_modules/[4m.pnpm[24m/@vitest+runner@3.2.4/node_modules/[4m@vitest[24m/runner/dist/chunk-hooks.js:1897:20
    at new Promise (<anonymous>)
    at runWithTimeout (file:///Users/darianrosebrook/Desktop/Projects/conscious-bot/node_modules/[4m.pnpm[24m/@vitest+runner@3.2.4/node_modules/[4m@vitest[24m/runner/dist/chunk-hooks.js:1863:10)
    at runHook (file:///Users/darianrosebrook/Desktop/Projects/conscious-bot/node_modules/[4m.pnpm[24m/@vitest+runner@3.2.4/node_modules/[4m@vitest[24m/runner/dist/chunk-hooks.js:1436:51)
    at callSuiteHook (file:///Users/darianrosebrook/Desktop/Projects/conscious-bot/node_modules/[4m.pnpm[24m/@vitest+runner@3.2.4/node_modules/[4m@vitest[24m/runner/dist/chunk-hooks.js:1442:25)
[90m    at processTicksAndRejections (node:internal/process/task_queues:105:5)[39m

stderr | src/task-integration/__tests__/task-integration-pipeline.test.ts > Rig E blocked reason refinement > navigate task with unresolvable context â†’ rig_e_ontology_gap
[PlanRoute] Rig E hierarchical planner blocked: ontology_gap. Task "Navigate to the cave".

stderr | src/task-integration/__tests__/task-integration-pipeline.test.ts > advisory_action step generation bypass > advisory_action task gets empty steps with advisory-skip reason
[projectIncomingMetadata] Dropped metadata key "parentTaskId" â€” not in PROPAGATED_META_KEYS. If this key is needed, add it to the allowlist.

stderr | src/task-integration/__tests__/task-integration-pipeline.test.ts > advisory_action step generation bypass > non-advisory autonomous sub-task without candidate triggers invariant guard
[INVARIANT VIOLATION] Internal sub-task "Broken sub-task" has no requirementCandidate. Parent: some-parent. Fix the sub-task creation site.

stderr | src/task-integration/__tests__/task-integration-pipeline.test.ts > Goal-binding drift linter > emits goal_binding_drift event when source=goal but type is not gated
[GoalBindingDrift] Task task-1770274971286-p5mmlesz7 has source='goal' but no goalBinding (reason=type_not_gated:gathering, type=gathering). This task will not participate in goal dedup, threat holds, or goal lifecycle events.

stderr | src/task-integration/__tests__/task-integration-pipeline.test.ts > Goal-binding drift linter > emits goal_binding_drift with goal_resolver_disabled reason when resolver not enabled
[GoalBindingDrift] Task task-1770274971291-96b5elu6y has source='goal' but no goalBinding (reason=goal_resolver_disabled, type=building). This task will not participate in goal dedup, threat holds, or goal lifecycle events.

stderr | src/task-integration/__tests__/task-integration-pipeline.test.ts > Rig E blocked reason refinement > navigate task with unresolvable context â†’ rig_e_ontology_gap
[PlanRoute] Rig E hierarchical planner blocked: ontology_gap. Task "Navigate to the cave".

stderr | src/task-integration/__tests__/task-integration-pipeline.test.ts > advisory_action step generation bypass > advisory_action task gets empty steps with advisory-skip reason
[projectIncomingMetadata] Dropped metadata key "parentTaskId" â€” not in PROPAGATED_META_KEYS. If this key is needed, add it to the allowlist.

stderr | src/task-integration/__tests__/task-integration-pipeline.test.ts > advisory_action step generation bypass > non-advisory autonomous sub-task without candidate triggers invariant guard
[INVARIANT VIOLATION] Internal sub-task "Broken sub-task" has no requirementCandidate. Parent: some-parent. Fix the sub-task creation site.

stderr | src/task-integration/__tests__/task-integration-pipeline.test.ts > Goal-binding drift linter > emits goal_binding_drift event when source=goal but type is not gated
[GoalBindingDrift] Task task-1770274971286-p5mmlesz7 has source='goal' but no goalBinding (reason=type_not_gated:gathering, type=gathering). This task will not participate in goal dedup, threat holds, or goal lifecycle events.

stderr | src/task-integration/__tests__/task-integration-pipeline.test.ts > Goal-binding drift linter > emits goal_binding_drift with goal_resolver_disabled reason when resolver not enabled
[GoalBindingDrift] Task task-1770274971291-96b5elu6y has source='goal' but no goalBinding (reason=goal_resolver_disabled, type=building). This task will not participate in goal dedup, threat holds, or goal lifecycle events.

stderr | src/sterling/__tests__/label-mapping-regression.test.ts > CraftingSolver string label mapping > maps steps correctly when solution_path edges have string labels
[Sterling] [DeclarationRegistration] Failed: solverId=minecraft.crafting digest=100a6c42â€¦ nonce=0 serverError=Client not available (dev mode, continuing)

stderr | src/sterling/__tests__/label-mapping-regression.test.ts > CraftingSolver string label mapping > maps steps correctly when solution_path edges have string labels
[Sterling] [DeclarationRegistration] Failed: solverId=minecraft.crafting digest=100a6c42â€¦ nonce=0 serverError=Client not available (dev mode, continuing)

stderr | src/sterling/__tests__/label-mapping-regression.test.ts > CraftingSolver string label mapping > falls back to search_edge labels when solution_path labels are missing
[Sterling] [DeclarationRegistration] Failed: solverId=minecraft.crafting digest=100a6c42â€¦ nonce=0 serverError=Client not available (dev mode, continuing)

stderr | src/sterling/__tests__/label-mapping-regression.test.ts > CraftingSolver string label mapping > falls back to search_edge labels when solution_path labels are missing
[Sterling] [DeclarationRegistration] Failed: solverId=minecraft.crafting digest=100a6c42â€¦ nonce=0 serverError=Client not available (dev mode, continuing)

stderr | src/sterling/__tests__/label-mapping-regression.test.ts > CraftingSolver string label mapping > maps steps when search_edge labels are objects (backward compat)
[Sterling] [DeclarationRegistration] Failed: solverId=minecraft.crafting digest=100a6c42â€¦ nonce=0 serverError=Client not available (dev mode, continuing)

stderr | src/sterling/__tests__/label-mapping-regression.test.ts > CraftingSolver string label mapping > produces unknown-* when both solution_path and search_edge labels are absent
[Sterling] [DeclarationRegistration] Failed: solverId=minecraft.crafting digest=100a6c42â€¦ nonce=0 serverError=Client not available (dev mode, continuing)

stderr | src/sterling/__tests__/label-mapping-regression.test.ts > CraftingSolver string label mapping > does not set mappingDegraded when all edges map successfully
[Sterling] [DeclarationRegistration] Failed: solverId=minecraft.crafting digest=100a6c42â€¦ nonce=0 serverError=Client not available (dev mode, continuing)

stderr | src/sterling/__tests__/label-mapping-regression.test.ts > CraftingSolver string label mapping > tracks unmatchedRuleEdges when label exists but does not match any rule
[Sterling] [DeclarationRegistration] Failed: solverId=minecraft.crafting digest=100a6c42â€¦ nonce=0 serverError=Client not available (dev mode, continuing)

stderr | src/sterling/__tests__/label-mapping-regression.test.ts > CraftingSolver string label mapping > detects search-edge collisions when same (source,target) has different actions
[Sterling] [DeclarationRegistration] Failed: solverId=minecraft.crafting digest=100a6c42â€¦ nonce=0 serverError=Client not available (dev mode, continuing)

stderr | src/sterling/__tests__/label-mapping-regression.test.ts > CraftingSolver string label mapping > does not count collisions when same (source,target) has same action
[Sterling] [DeclarationRegistration] Failed: solverId=minecraft.crafting digest=100a6c42â€¦ nonce=0 serverError=Client not available (dev mode, continuing)

stderr | src/sterling/__tests__/label-mapping-regression.test.ts > CraftingSolver string label mapping > toTaskSteps generates correct leaf args from string-label-resolved steps
[Sterling] [DeclarationRegistration] Failed: solverId=minecraft.crafting digest=100a6c42â€¦ nonce=0 serverError=Client not available (dev mode, continuing)

stderr | src/sterling/__tests__/label-mapping-regression.test.ts > CraftingSolver string label mapping > strictMapping mode > returns solved=false with empty steps when mapping is degraded
[Sterling] [DeclarationRegistration] Failed: solverId=minecraft.crafting digest=100a6c42â€¦ nonce=0 serverError=Client not available (dev mode, continuing)

stderr | src/sterling/__tests__/label-mapping-regression.test.ts > CraftingSolver string label mapping > strictMapping mode > returns solved=false when mapping has unmatched rules in strict mode
[Sterling] [DeclarationRegistration] Failed: solverId=minecraft.crafting digest=100a6c42â€¦ nonce=0 serverError=Client not available (dev mode, continuing)

stderr | src/sterling/__tests__/label-mapping-regression.test.ts > CraftingSolver string label mapping > maps steps when search_edge labels are objects (backward compat)
[Sterling] [DeclarationRegistration] Failed: solverId=minecraft.crafting digest=100a6c42â€¦ nonce=0 serverError=Client not available (dev mode, continuing)

stderr | src/sterling/__tests__/label-mapping-regression.test.ts > CraftingSolver string label mapping > produces unknown-* when both solution_path and search_edge labels are absent
[Sterling] [DeclarationRegistration] Failed: solverId=minecraft.crafting digest=100a6c42â€¦ nonce=0 serverError=Client not available (dev mode, continuing)

stderr | src/sterling/__tests__/label-mapping-regression.test.ts > CraftingSolver string label mapping > does not set mappingDegraded when all edges map successfully
[Sterling] [DeclarationRegistration] Failed: solverId=minecraft.crafting digest=100a6c42â€¦ nonce=0 serverError=Client not available (dev mode, continuing)

stderr | src/sterling/__tests__/label-mapping-regression.test.ts > CraftingSolver string label mapping > tracks unmatchedRuleEdges when label exists but does not match any rule
[Sterling] [DeclarationRegistration] Failed: solverId=minecraft.crafting digest=100a6c42â€¦ nonce=0 serverError=Client not available (dev mode, continuing)

stderr | src/sterling/__tests__/label-mapping-regression.test.ts > CraftingSolver string label mapping > detects search-edge collisions when same (source,target) has different actions
[Sterling] [DeclarationRegistration] Failed: solverId=minecraft.crafting digest=100a6c42â€¦ nonce=0 serverError=Client not available (dev mode, continuing)

stderr | src/sterling/__tests__/label-mapping-regression.test.ts > CraftingSolver string label mapping > does not count collisions when same (source,target) has same action
[Sterling] [DeclarationRegistration] Failed: solverId=minecraft.crafting digest=100a6c42â€¦ nonce=0 serverError=Client not available (dev mode, continuing)

stderr | src/sterling/__tests__/label-mapping-regression.test.ts > CraftingSolver string label mapping > toTaskSteps generates correct leaf args from string-label-resolved steps
[Sterling] [DeclarationRegistration] Failed: solverId=minecraft.crafting digest=100a6c42â€¦ nonce=0 serverError=Client not available (dev mode, continuing)

stderr | src/sterling/__tests__/label-mapping-regression.test.ts > CraftingSolver string label mapping > strictMapping mode > returns solved=false with empty steps when mapping is degraded
[Sterling] [DeclarationRegistration] Failed: solverId=minecraft.crafting digest=100a6c42â€¦ nonce=0 serverError=Client not available (dev mode, continuing)

stderr | src/sterling/__tests__/label-mapping-regression.test.ts > CraftingSolver string label mapping > strictMapping mode > returns solved=false when mapping has unmatched rules in strict mode
[Sterling] [DeclarationRegistration] Failed: solverId=minecraft.crafting digest=100a6c42â€¦ nonce=0 serverError=Client not available (dev mode, continuing)

stderr | src/sterling/__tests__/label-mapping-regression.test.ts > CraftingSolver string label mapping > strictMapping mode > returns solved=false when mapping has search-edge collisions in strict mode
[Sterling] [DeclarationRegistration] Failed: solverId=minecraft.crafting digest=100a6c42â€¦ nonce=0 serverError=Client not available (dev mode, continuing)

stderr | src/sterling/__tests__/label-mapping-regression.test.ts > CraftingSolver string label mapping > strictMapping mode > returns solved=false when mapping has search-edge collisions in strict mode
[Sterling] [DeclarationRegistration] Failed: solverId=minecraft.crafting digest=100a6c42â€¦ nonce=0 serverError=Client not available (dev mode, continuing)

stderr | src/sterling/__tests__/label-mapping-regression.test.ts > CraftingSolver string label mapping > strictMapping mode > still returns solved=true when mapping is clean in strict mode
[Sterling] [DeclarationRegistration] Failed: solverId=minecraft.crafting digest=100a6c42â€¦ nonce=0 serverError=Client not available (dev mode, continuing)
stderr | src/sterling/__tests__/label-mapping-regression.test.ts > CraftingSolver string label mapping > strictMapping mode > still returns solved=true when mapping is clean in strict mode
[Sterling] [DeclarationRegistration] Failed: solverId=minecraft.crafting digest=100a6c42â€¦ nonce=0 serverError=Client not available (dev mode, continuing)


stderr | src/sterling/__tests__/label-mapping-regression.test.ts > CraftingSolver string label mapping > strictMapping mode > preserves planId and solveMeta in strict mode failure
[Sterling] [DeclarationRegistration] Failed: solverId=minecraft.crafting digest=100a6c42â€¦ nonce=0 serverError=Client not available (dev mode, continuing)

stderr | src/sterling/__tests__/label-mapping-regression.test.ts > CraftingSolver string label mapping > strictMapping mode > preserves planId and solveMeta in strict mode failure
[Sterling] [DeclarationRegistration] Failed: solverId=minecraft.crafting digest=100a6c42â€¦ nonce=0 serverError=Client not available (dev mode, continuing)

stderr | src/sterling/__tests__/label-mapping-regression.test.ts > CraftingSolver string label mapping > strictMapping mode > returns solved=false when both noLabel and unmatchedRule occur in same path
[Sterling] [DeclarationRegistration] Failed: solverId=minecraft.crafting digest=100a6c42â€¦ nonce=0 serverError=Client not available (dev mode, continuing)
stderr | src/sterling/__tests__/label-mapping-regression.test.ts > CraftingSolver string label mapping > strictMapping mode > returns solved=false when both noLabel and unmatchedRule occur in same path
[Sterling] [DeclarationRegistration] Failed: solverId=minecraft.crafting digest=100a6c42â€¦ nonce=0 serverError=Client not available (dev mode, continuing)


stderr | src/sterling/__tests__/label-mapping-regression.test.ts > CraftingSolver string label mapping > strictMapping mode > returns solved=false when all three degradation types occur together
[Sterling] [DeclarationRegistration] Failed: solverId=minecraft.crafting digest=100a6c42â€¦ nonce=0 serverError=Client not available (dev mode, continuing)

stderr | src/sterling/__tests__/label-mapping-regression.test.ts > CraftingSolver string label mapping > strictMapping mode > returns solved=false when all three degradation types occur together
[Sterling] [DeclarationRegistration] Failed: solverId=minecraft.crafting digest=100a6c42â€¦ nonce=0 serverError=Client not available (dev mode, continuing)

stderr | src/sterling/__tests__/label-mapping-regression.test.ts > CraftingSolver string label mapping > toTaskSteps propagates degradation markers to step meta
[Sterling] [DeclarationRegistration] Failed: solverId=minecraft.crafting digest=100a6c42â€¦ nonce=0 serverError=Client not available (dev mode, continuing)
stderr | src/sterling/__tests__/label-mapping-regression.test.ts > CraftingSolver string label mapping > toTaskSteps propagates degradation markers to step meta
[Sterling] [DeclarationRegistration] Failed: solverId=minecraft.crafting digest=100a6c42â€¦ nonce=0 serverError=Client not available (dev mode, continuing)


stderr | src/sterling/__tests__/label-mapping-regression.test.ts > ToolProgressionSolver strict mapping mode > returns solved=false when tier solve has degraded mapping in strict mode
[Sterling] [DeclarationRegistration] Failed: solverId=minecraft.tool_progression digest=82c31736â€¦ nonce=0 serverError=Client not available (dev mode, continuing)

stderr | src/sterling/__tests__/label-mapping-regression.test.ts > ToolProgressionSolver strict mapping mode > returns solved=false when tier solve has degraded mapping in strict mode
[Sterling] [DeclarationRegistration] Failed: solverId=minecraft.tool_progression digest=82c31736â€¦ nonce=0 serverError=Client not available (dev mode, continuing)

stderr | src/sterling/__tests__/label-mapping-regression.test.ts > ToolProgressionSolver strict mapping mode > returns solved=true when mapping is clean in strict mode
[Sterling] [DeclarationRegistration] Failed: solverId=minecraft.tool_progression digest=82c31736â€¦ nonce=0 serverError=Client not available (dev mode, continuing)

stderr | src/sterling/__tests__/label-mapping-regression.test.ts > ToolProgressionSolver strict mapping mode > preserves solveMeta bundles in strict mode failure
[Sterling] [DeclarationRegistration] Failed: solverId=minecraft.tool_progression digest=82c31736â€¦ nonce=0 serverError=Client not available (dev mode, continuing)

stderr | src/sterling/__tests__/label-mapping-regression.test.ts > ToolProgressionSolver strict mapping mode > returns solved=true when mapping is clean in strict mode
[Sterling] [DeclarationRegistration] Failed: solverId=minecraft.tool_progression digest=82c31736â€¦ nonce=0 serverError=Client not available (dev mode, continuing)

stderr | src/sterling/__tests__/label-mapping-regression.test.ts > ToolProgressionSolver strict mapping mode > preserves solveMeta bundles in strict mode failure
[Sterling] [DeclarationRegistration] Failed: solverId=minecraft.tool_progression digest=82c31736â€¦ nonce=0 serverError=Client not available (dev mode, continuing)

stderr | src/sterling/__tests__/label-mapping-regression.test.ts > ToolProgressionSolver strict mapping mode > aggregates degradation across tiers in strict mode
[Sterling] [DeclarationRegistration] Failed: solverId=minecraft.tool_progression digest=82c31736â€¦ nonce=0 serverError=Client not available (dev mode, continuing)
stderr | src/sterling/__tests__/label-mapping-regression.test.ts > ToolProgressionSolver strict mapping mode > aggregates degradation across tiers in strict mode
[Sterling] [DeclarationRegistration] Failed: solverId=minecraft.tool_progression digest=82c31736â€¦ nonce=0 serverError=Client not available (dev mode, continuing)


stderr | src/task-integration/__tests__/protocol-effects-drain.test.ts > Protocol effects drain: containment > status effects still apply when applySyncEffects throws
[TaskIntegration] applySyncEffects failed: {
  effectTypes: [ [32m'apply_hold'[39m ],
  effectCount: [33m1[39m,
  mayBePartial: [33mtrue[39m,
  error: [32m'simulated applySyncEffects failure'[39m,
  errorName: [32m'Error'[39m,
  stack: [32m'Error: simulated applySyncEffects failure\n'[39m +
    [32m'    at Module.<anonymous> (/Users/darianrosebrook/Desktop/Projects/conscious-bot/packages/planning/src/task-integration/__tests__/protocol-effects-drain.test.ts:135:13)\n'[39m +
    [32m'    at Module.mockCall (file:///Users/darianrosebrook/Desktop/Projects/conscious-bot/node_modules/.pnpm/@vitest+spy@3.2.4/node_modules/@vitest/spy/dist/index.js:96:15)\n'[39m +
    [32m'    at Module.applySyncEffects (file:///Users/darianrosebrook/Desktop/Projects/conscious-bot/node_modules/.pnpm/tinyspy@4.0.4/node_modules/tinyspy/dist/index.js:47:80)\n'[39m +
    [32m'    at TaskIntegration.applyGoalProtocolEffects (/Users/darianrosebrook/Desktop/Projects/conscious-bot/packages/planning/src/task-integration.ts:1598:16)\n'[39m +
    [32m'    at /Users/darianrosebrook/Desktop/Projects/conscious-bot/packages/planning/src/task-integration/__tests__/protocol-effects-drain.test.ts:140:37\n'[39m +
    [32m'    at processTicksAndRejections (node:internal/process/task_queues:105:5)\n'[39m +
    [32m'    at file:///Users/darianrosebrook/Desktop/Projects/conscious-bot/node_modules/.pnpm/@vitest+runner@3.2.4/node_modules/@vitest/runner/dist/chunk-hooks.js:752:20'[39m
}

stderr | src/task-integration/__tests__/protocol-effects-drain.test.ts > Protocol effects drain: containment > status effects still apply when applySyncEffects throws
[TaskIntegration] applySyncEffects failed: {
  effectTypes: [ [32m'apply_hold'[39m ],
  effectCount: [33m1[39m,
  mayBePartial: [33mtrue[39m,
  error: [32m'simulated applySyncEffects failure'[39m,
  errorName: [32m'Error'[39m,
  stack: [32m'Error: simulated applySyncEffects failure\n'[39m +
    [32m'    at Module.<anonymous> (/Users/darianrosebrook/Desktop/Projects/conscious-bot/packages/planning/src/task-integration/__tests__/protocol-effects-drain.test.ts:135:13)\n'[39m +
    [32m'    at Module.mockCall (file:///Users/darianrosebrook/Desktop/Projects/conscious-bot/node_modules/.pnpm/@vitest+spy@3.2.4/node_modules/@vitest/spy/dist/index.js:96:15)\n'[39m +
    [32m'    at Module.applySyncEffects (file:///Users/darianrosebrook/Desktop/Projects/conscious-bot/node_modules/.pnpm/tinyspy@4.0.4/node_modules/tinyspy/dist/index.js:47:80)\n'[39m +
    [32m'    at TaskIntegration.applyGoalProtocolEffects (/Users/darianrosebrook/Desktop/Projects/conscious-bot/packages/planning/src/task-integration.ts:1598:16)\n'[39m +
    [32m'    at /Users/darianrosebrook/Desktop/Projects/conscious-bot/packages/planning/src/task-integration/__tests__/protocol-effects-drain.test.ts:140:37\n'[39m +
    [32m'    at processTicksAndRejections (node:internal/process/task_queues:105:5)\n'[39m +
    [32m'    at file:///Users/darianrosebrook/Desktop/Projects/conscious-bot/node_modules/.pnpm/@vitest+runner@3.2.4/node_modules/@vitest/runner/dist/chunk-hooks.js:752:20'[39m
}

stderr | src/task-integration/__tests__/task-integration-pipeline.test.ts > Task origin envelope > stamps goal-sourced task without binding as kind=goal_source
[GoalBindingDrift] Task task-1770274971392-mw1rhjpeo has source='goal' but no goalBinding (reason=goal_resolver_disabled, type=building). This task will not participate in goal dedup, threat holds, or goal lifecycle events.

stderr | src/task-integration/__tests__/task-integration-pipeline.test.ts > Task origin envelope > stamps goal-sourced task without binding as kind=goal_source
[GoalBindingDrift] Task task-1770274971392-mw1rhjpeo has source='goal' but no goalBinding (reason=goal_resolver_disabled, type=building). This task will not participate in goal dedup, threat holds, or goal lifecycle events.

stderr | src/task-integration/__tests__/task-integration-pipeline.test.ts > Task origin envelope > stamps executor subtask with kind=executor and parentTaskId
[INVARIANT VIOLATION] Internal sub-task "Gather wood for crafting table" has no requirementCandidate. Parent: parent-task-123. Fix the sub-task creation site.

stderr | src/task-integration/__tests__/task-integration-pipeline.test.ts > Task origin envelope > stamps executor subtask with kind=executor and parentTaskId
[INVARIANT VIOLATION] Internal sub-task "Gather wood for crafting table" has no requirementCandidate. Parent: parent-task-123. Fix the sub-task creation site.

stderr | src/task-integration/__tests__/task-integration-pipeline.test.ts > Task origin envelope > addTask does not propagate keys outside the allowlist
[projectIncomingMetadata] Dropped metadata key "dangerousField" â€” not in PROPAGATED_META_KEYS. If this key is needed, add it to the allowlist.

stderr | src/task-integration/__tests__/task-integration-pipeline.test.ts > Task origin envelope > addTask does not propagate keys outside the allowlist
[projectIncomingMetadata] Dropped metadata key "dangerousField" â€” not in PROPAGATED_META_KEYS. If this key is needed, add it to the allowlist.

stderr | src/task-integration/__tests__/subtask-requirement-invariant.test.ts > Compiler produces steps from builder tasks > collect sub-task produces acquire_material steps via compiler
[projectIncomingMetadata] Dropped metadata key "parentTaskId" â€” not in PROPAGATED_META_KEYS. If this key is needed, add it to the allowlist.

stderr | src/task-integration/__tests__/subtask-requirement-invariant.test.ts > Compiler produces steps from builder tasks > collect sub-task produces acquire_material steps via compiler
[projectIncomingMetadata] Dropped metadata key "parentTaskId" â€” not in PROPAGATED_META_KEYS. If this key is needed, add it to the allowlist.

stderr | src/__tests__/task-bootstrapper.test.ts > TaskBootstrapper > returns recovered memory tasks when available
[AuditLogger] No active session, entry not logged

stderr | src/__tests__/task-bootstrapper.test.ts > TaskBootstrapper > returns recovered memory tasks when available
[AuditLogger] No active session, entry not logged

stderr | src/__tests__/task-bootstrapper.test.ts > TaskBootstrapper > produces contract-compliant bootstrap payloads
[AuditLogger] No active session, entry not logged

stderr | src/__tests__/task-bootstrapper.test.ts > TaskBootstrapper > produces contract-compliant bootstrap payloads
[AuditLogger] No active session, entry not logged

stderr | src/task-integration/__tests__/subtask-requirement-invariant.test.ts > Parent blocking and unblocking > parent gets blockedReason after prereq spawn (simulated)
[TaskIntegration] updateTaskMetadata: origin field ignored for task task-1770274972787-q60a7g813; origin is immutable after creation

stderr | src/task-integration/__tests__/subtask-requirement-invariant.test.ts > Parent blocking and unblocking > parent gets blockedReason after prereq spawn (simulated)
[TaskIntegration] updateTaskMetadata: origin field ignored for task task-1770274972787-q60a7g813; origin is immutable after creation

stderr | src/task-integration/__tests__/subtask-requirement-invariant.test.ts > Parent blocking and unblocking > parent unblocked after all prereqs complete
[TaskIntegration] updateTaskMetadata: origin field ignored for task task-1770274972789-gl4j2fgoq; origin is immutable after creation

stderr | src/task-integration/__tests__/subtask-requirement-invariant.test.ts > Parent blocking and unblocking > parent stays blocked while one sibling is still active
[TaskIntegration] updateTaskMetadata: origin field ignored for task task-1770274972790-k8dccp8bu; origin is immutable after creation

stderr | src/__tests__/task-bootstrapper.test.ts > TaskBootstrapper > uses LLM synthesis when memory is empty
[AuditLogger] No active session, entry not logged

stderr | src/task-integration/__tests__/subtask-requirement-invariant.test.ts > Parent blocking and unblocking > parent unblocked via updateTaskStatus (executor path)
[TaskIntegration] updateTaskMetadata: origin field ignored for task task-1770274972791-mub60aqfb; origin is immutable after creation

stderr | src/task-integration/__tests__/subtask-requirement-invariant.test.ts > Parent blocking and unblocking > parent unblocked after all prereqs complete
[TaskIntegration] updateTaskMetadata: origin field ignored for task task-1770274972789-gl4j2fgoq; origin is immutable after creation

stderr | src/task-integration/__tests__/subtask-requirement-invariant.test.ts > Parent blocking and unblocking > parent stays blocked while one sibling is still active
[TaskIntegration] updateTaskMetadata: origin field ignored for task task-1770274972790-k8dccp8bu; origin is immutable after creation

stderr | src/__tests__/task-bootstrapper.test.ts > TaskBootstrapper > uses LLM synthesis when memory is empty
[AuditLogger] No active session, entry not logged

stderr | src/task-integration/__tests__/subtask-requirement-invariant.test.ts > Parent blocking and unblocking > parent unblocked via updateTaskStatus (executor path)
[TaskIntegration] updateTaskMetadata: origin field ignored for task task-1770274972791-mub60aqfb; origin is immutable after creation

stderr | src/task-integration/__tests__/subtask-requirement-invariant.test.ts > Solve observability on tasks > invariant guard logs error for autonomous sub-task without candidate
[INVARIANT VIOLATION] Internal sub-task "Broken sub-task" has no requirementCandidate. Parent: some-parent. Fix the sub-task creation site.

stderr | src/task-integration/__tests__/subtask-requirement-invariant.test.ts > Solve observability on tasks > invariant guard logs error for autonomous sub-task without candidate
[INVARIANT VIOLATION] Internal sub-task "Broken sub-task" has no requirementCandidate. Parent: some-parent. Fix the sub-task creation site.

stderr | src/server/__tests__/executor-circuit-breaker.test.ts > executor-circuit-breaker > tripCircuitBreaker > opens the circuit breaker
[CircuitBreaker] Tripped (count=1): Bot disconnected. Resume in 5000ms

stderr | src/server/__tests__/executor-circuit-breaker.test.ts > executor-circuit-breaker > tripCircuitBreaker > opens the circuit breaker
[CircuitBreaker] Tripped (count=1): Bot disconnected. Resume in 5000ms

stderr | src/server/__tests__/executor-circuit-breaker.test.ts > executor-circuit-breaker > tripCircuitBreaker > increments trip count
[CircuitBreaker] Tripped (count=1): Error 1. Resume in 5000ms
[CircuitBreaker] Tripped (count=2): Error 2. Resume in 10000ms

stderr | src/server/__tests__/executor-circuit-breaker.test.ts > executor-circuit-breaker > tripCircuitBreaker > stores the last error message
[CircuitBreaker] Tripped (count=1): Network timeout. Resume in 5000ms

stderr | src/server/__tests__/executor-circuit-breaker.test.ts > executor-circuit-breaker > tripCircuitBreaker > increments trip count
[CircuitBreaker] Tripped (count=1): Error 1. Resume in 5000ms
[CircuitBreaker] Tripped (count=2): Error 2. Resume in 10000ms

stderr | src/server/__tests__/executor-circuit-breaker.test.ts > executor-circuit-breaker > tripCircuitBreaker > stores the last error message
[CircuitBreaker] Tripped (count=1): Network timeout. Resume in 5000ms

stderr | src/server/__tests__/executor-circuit-breaker.test.ts > executor-circuit-breaker > tripCircuitBreaker > sets resumeAt to a future timestamp
[CircuitBreaker] Tripped (count=1): Test error. Resume in 5000ms

stderr | src/server/__tests__/executor-circuit-breaker.test.ts > executor-circuit-breaker > tripCircuitBreaker > sets resumeAt to a future timestamp
[CircuitBreaker] Tripped (count=1): Test error. Resume in 5000ms

stderr | src/server/__tests__/executor-circuit-breaker.test.ts > executor-circuit-breaker > tripCircuitBreaker > returns the backoff duration
[CircuitBreaker] Tripped (count=1): Error. Resume in 5000ms

stderr | src/server/__tests__/executor-circuit-breaker.test.ts > executor-circuit-breaker > tripCircuitBreaker > returns the backoff duration
[CircuitBreaker] Tripped (count=1): Error. Resume in 5000ms

stderr | src/server/__tests__/executor-circuit-breaker.test.ts > executor-circuit-breaker > tripCircuitBreaker > resets success streak
[CircuitBreaker] Tripped (count=1): Error. Resume in 5000ms

stderr | src/server/__tests__/executor-circuit-breaker.test.ts > executor-circuit-breaker > tripCircuitBreaker > resets success streak
[CircuitBreaker] Tripped (count=1): Error. Resume in 5000ms

stderr | src/server/__tests__/executor-circuit-breaker.test.ts > executor-circuit-breaker > backoff timing > closes after backoff expires (using fake timers)
[CircuitBreaker] Tripped (count=1): Network timeout. Resume in 5000ms

stderr | src/server/__tests__/executor-circuit-breaker.test.ts > executor-circuit-breaker > backoff timing > closes after backoff expires (using fake timers)
[CircuitBreaker] Tripped (count=1): Network timeout. Resume in 5000ms

stderr | src/server/__tests__/executor-circuit-breaker.test.ts > executor-circuit-breaker > backoff timing > remains open before backoff expires
[CircuitBreaker] Tripped (count=1): Network timeout. Resume in 5000ms

stderr | src/server/__tests__/executor-circuit-breaker.test.ts > executor-circuit-breaker > exponential backoff > increases backoff with trip count
[CircuitBreaker] Tripped (count=1): Error 1. Resume in 5000ms
[CircuitBreaker] Tripped (count=2): Error 2. Resume in 10000ms
[CircuitBreaker] Tripped (count=3): Error 3. Resume in 20000ms
[CircuitBreaker] Tripped (count=4): Error 4. Resume in 40000ms

stderr | src/server/__tests__/executor-circuit-breaker.test.ts > executor-circuit-breaker > backoff timing > remains open before backoff expires
[CircuitBreaker] Tripped (count=1): Network timeout. Resume in 5000ms

stderr | src/server/__tests__/executor-circuit-breaker.test.ts > executor-circuit-breaker > exponential backoff > increases backoff with trip count
[CircuitBreaker] Tripped (count=1): Error 1. Resume in 5000ms
[CircuitBreaker] Tripped (count=2): Error 2. Resume in 10000ms
[CircuitBreaker] Tripped (count=3): Error 3. Resume in 20000ms
[CircuitBreaker] Tripped (count=4): Error 4. Resume in 40000ms

stderr | src/server/__tests__/executor-circuit-breaker.test.ts > executor-circuit-breaker > exponential backoff > caps backoff at MAX_BACKOFF_MS (60s)
[CircuitBreaker] Tripped (count=1): E1. Resume in 5000ms
[CircuitBreaker] Tripped (count=2): E2. Resume in 10000ms
[CircuitBreaker] Tripped (count=3): E3. Resume in 20000ms
[CircuitBreaker] Tripped (count=4): E4. Resume in 40000ms
[CircuitBreaker] Tripped (count=5): E5. Resume in 60000ms
[CircuitBreaker] Tripped (count=6): E6. Resume in 60000ms

stderr | src/server/__tests__/executor-circuit-breaker.test.ts > executor-circuit-breaker > recordSuccess > closes the circuit breaker
[CircuitBreaker] Tripped (count=1): Error. Resume in 5000ms

stderr | src/server/__tests__/executor-circuit-breaker.test.ts > executor-circuit-breaker > exponential backoff > caps backoff at MAX_BACKOFF_MS (60s)
[CircuitBreaker] Tripped (count=1): E1. Resume in 5000ms
[CircuitBreaker] Tripped (count=2): E2. Resume in 10000ms
[CircuitBreaker] Tripped (count=3): E3. Resume in 20000ms
[CircuitBreaker] Tripped (count=4): E4. Resume in 40000ms
[CircuitBreaker] Tripped (count=5): E5. Resume in 60000ms
[CircuitBreaker] Tripped (count=6): E6. Resume in 60000ms

stderr | src/server/__tests__/executor-circuit-breaker.test.ts > executor-circuit-breaker > recordSuccess > closes the circuit breaker
[CircuitBreaker] Tripped (count=1): Error. Resume in 5000ms

stderr | src/server/__tests__/executor-circuit-breaker.test.ts > executor-circuit-breaker > recordSuccess > clears resumeAt
[CircuitBreaker] Tripped (count=1): Error. Resume in 5000ms
stderr | src/server/__tests__/executor-circuit-breaker.test.ts > executor-circuit-breaker > recordSuccess > clears resumeAt
[CircuitBreaker] Tripped (count=1): Error. Resume in 5000ms


stderr | src/server/__tests__/executor-circuit-breaker.test.ts > executor-circuit-breaker > recordSuccess > resets trip count after 3 consecutive successes
[CircuitBreaker] Tripped (count=1): Error. Resume in 5000ms

stderr | src/server/__tests__/executor-circuit-breaker.test.ts > executor-circuit-breaker > recordSuccess > resets trip count after 3 consecutive successes
[CircuitBreaker] Tripped (count=1): Error. Resume in 5000ms

stderr | src/server/__tests__/executor-circuit-breaker.test.ts > executor-circuit-breaker > recordSuccess > clears lastError after 3 consecutive successes
[CircuitBreaker] Tripped (count=1): Test error. Resume in 5000ms

stderr | src/server/__tests__/executor-circuit-breaker.test.ts > executor-circuit-breaker > recordSuccess > success streak resets on new trip
[CircuitBreaker] Tripped (count=1): Error. Resume in 5000ms
[CircuitBreaker] Tripped (count=2): Error 2. Resume in 10000ms

stderr | src/server/__tests__/executor-circuit-breaker.test.ts > executor-circuit-breaker > recordSuccess > clears lastError after 3 consecutive successes
[CircuitBreaker] Tripped (count=1): Test error. Resume in 5000ms

stderr | src/server/__tests__/executor-circuit-breaker.test.ts > executor-circuit-breaker > recordSuccess > success streak resets on new trip
[CircuitBreaker] Tripped (count=1): Error. Resume in 5000ms
[CircuitBreaker] Tripped (count=2): Error 2. Resume in 10000ms

stderr | src/server/__tests__/executor-circuit-breaker.test.ts > executor-circuit-breaker > getCircuitBreakerState > returns a copy (mutations do not affect internal state)
[CircuitBreaker] Tripped (count=1): Error. Resume in 5000ms

stderr | src/server/__tests__/executor-circuit-breaker.test.ts > executor-circuit-breaker > getCircuitBreakerState > returns a copy (mutations do not affect internal state)
[CircuitBreaker] Tripped (count=1): Error. Resume in 5000ms

stderr | src/server/__tests__/executor-circuit-breaker.test.ts > executor-circuit-breaker > isCircuitBreakerOpen with injectable time > accepts a custom nowMs parameter
[CircuitBreaker] Tripped (count=1): Error. Resume in 5000ms

stderr | src/server/__tests__/executor-circuit-breaker.test.ts > executor-circuit-breaker > isCircuitBreakerOpen with injectable time > accepts a custom nowMs parameter
[CircuitBreaker] Tripped (count=1): Error. Resume in 5000ms

stderr | src/server/__tests__/executor-circuit-breaker.test.ts > executor-circuit-breaker > _resetCircuitBreaker > resets all state
[CircuitBreaker] Tripped (count=1): Error. Resume in 5000ms

stderr | src/server/__tests__/executor-circuit-breaker.test.ts > executor-circuit-breaker > _resetCircuitBreaker > resets all state
[CircuitBreaker] Tripped (count=1): Error. Resume in 5000ms

stderr | src/modules/__tests__/requirements.test.ts > resolveRequirement + requirementsEquivalent (deduplication scenario) > resolves wood/gathering tasks to same collect requirement (permissive mode)
[ResolveRequirement:regex-fallback] Find some wood for a crafting table (seq)
[ResolveRequirement:regex-fallback] i need to secure a shelter and gather basic resources
stderr | src/modules/__tests__/requirements.test.ts > resolveRequirement + requirementsEquivalent (deduplication scenario) > resolves wood/gathering tasks to same collect requirement (permissive mode)
[ResolveRequirement:regex-fallback] Find some wood for a crafting table (seq)
[ResolveRequirement:regex-fallback] i need to secure a shelter and gather basic resources


stderr | src/__tests__/iteration_seven.spec.ts > Iteration Seven - Requirement and Progress Logic > resolves gathering requirement with quantity from title
[ResolveRequirement:regex-fallback] Gather 5 wood logs

stderr | src/__tests__/iteration_seven.spec.ts > Iteration Seven - Requirement and Progress Logic > progress for collect is proportional to items matching patterns
[ResolveRequirement:regex-fallback] Gather 4 wood logs

stderr | src/__tests__/iteration_seven.spec.ts > Iteration Seven - Requirement and Progress Logic > crafting requirement returns complete when output present
[ResolveRequirement:regex-fallback] Craft Wooden Pickaxe

stderr | src/__tests__/iteration_seven.spec.ts > Iteration Seven - Requirement and Progress Logic > crafting requirement estimates progress via proxy materials
[ResolveRequirement:regex-fallback] Craft Wooden Pickaxe

stderr | src/__tests__/iteration_seven.spec.ts > Iteration Seven - Requirement and Progress Logic > requirement snapshot reflects have/needed
[ResolveRequirement:regex-fallback] Gather 3 wood logs

stderr | src/__tests__/iteration_seven.spec.ts > Iteration Seven - Requirement and Progress Logic > resolves gathering requirement with quantity from title
[ResolveRequirement:regex-fallback] Gather 5 wood logs

stderr | src/__tests__/iteration_seven.spec.ts > Iteration Seven - Requirement and Progress Logic > progress for collect is proportional to items matching patterns
[ResolveRequirement:regex-fallback] Gather 4 wood logs

stderr | src/__tests__/iteration_seven.spec.ts > Iteration Seven - Requirement and Progress Logic > crafting requirement returns complete when output present
[ResolveRequirement:regex-fallback] Craft Wooden Pickaxe

stderr | src/__tests__/iteration_seven.spec.ts > Iteration Seven - Requirement and Progress Logic > crafting requirement estimates progress via proxy materials
[ResolveRequirement:regex-fallback] Craft Wooden Pickaxe

stderr | src/__tests__/iteration_seven.spec.ts > Iteration Seven - Requirement and Progress Logic > requirement snapshot reflects have/needed
[ResolveRequirement:regex-fallback] Gather 3 wood logs

stderr | src/sterling/__tests__/search-health.test.ts > parseSearchHealth > returns undefined when a required field is missing
[SearchHealth] Partial fields present (1/11) â€” returning undefined

stderr | src/sterling/__tests__/search-health.test.ts > parseSearchHealth > returns undefined when a required field is missing
[SearchHealth] Partial fields present (1/11) â€” returning undefined

stderr | src/sterling/__tests__/search-health.test.ts > parseSearchHealth > returns undefined for invalid terminationReason
[SearchHealth] Partial fields present (10/11) â€” returning undefined

stderr | src/sterling/__tests__/search-health.test.ts > parseSearchHealth > returns undefined for NaN field
[SearchHealth] Partial fields present (10/11) â€” returning undefined

stderr | src/sterling/__tests__/search-health.test.ts > parseSearchHealth > returns undefined for unknown searchHealthVersion
[SearchHealth] Unknown searchHealthVersion: 2 â€” skipping parse

stderr | src/sterling/__tests__/search-health.test.ts > parseSearchHealth > returns undefined for invalid terminationReason
[SearchHealth] Partial fields present (10/11) â€” returning undefined

stderr | src/sterling/__tests__/search-health.test.ts > parseSearchHealth > returns undefined for NaN field
[SearchHealth] Partial fields present (10/11) â€” returning undefined

stderr | src/sterling/__tests__/search-health.test.ts > parseSearchHealth > returns undefined for unknown searchHealthVersion
[SearchHealth] Unknown searchHealthVersion: 2 â€” skipping parse

stderr | src/sterling/__tests__/search-health.test.ts > parseSearchHealth > returns undefined with partial fields present (warns in non-production)
[SearchHealth] Partial fields present (2/11) â€” returning undefined

stderr | src/sterling/__tests__/search-health.test.ts > parseSearchHealth > returns undefined with partial fields present (warns in non-production)
[SearchHealth] Partial fields present (2/11) â€” returning undefined

stderr | src/sterling/__tests__/search-health.test.ts > parseSearchHealth > accepts old enum values as invalid (goal, no_solution)
[SearchHealth] Partial fields present (10/11) â€” returning undefined
[SearchHealth] Partial fields present (10/11) â€” returning undefined

stderr | src/sterling/__tests__/search-health.test.ts > parseSearchHealth > accepts old enum values as invalid (goal, no_solution)
[SearchHealth] Partial fields present (10/11) â€” returning undefined
[SearchHealth] Partial fields present (10/11) â€” returning undefined


âŽ¯âŽ¯âŽ¯âŽ¯âŽ¯âŽ¯âŽ¯ Failed Tests 6 âŽ¯âŽ¯âŽ¯âŽ¯âŽ¯âŽ¯âŽ¯


âŽ¯âŽ¯âŽ¯âŽ¯âŽ¯âŽ¯âŽ¯ Failed Tests 6 âŽ¯âŽ¯âŽ¯âŽ¯âŽ¯âŽ¯âŽ¯

 FAIL  src/reactive-executor/__tests__/action-task-execution.test.ts > Action Task Execution Fix > should handle action task type with wood gathering
 FAIL  src/reactive-executor/__tests__/action-task-execution.test.ts > Action Task Execution Fix > should handle action task type with wood gathering
AssertionError: expected "spy" to be called 2 times, but got 1 times
AssertionError: expected "spy" to be called 2 times, but got 1 times
 â¯ src/reactive-executor/__tests__/action-task-execution.test.ts:61:23
 â¯ src/reactive-executor/__tests__/action-task-execution.test.ts:61:23
     59| 
     60|     // Verify the request was made to navigate to trees
     61|     expect(mockFetch).toHaveBeenCalledTimes(2);
       |                       ^
     62| 
     63|     // Check that the health endpoint was called (first call)
     59| 
     60|     // Verify the request was made to navigate to trees
     61|     expect(mockFetch).toHaveBeenCalledTimes(2);
       |                       ^
     62| 
     63|     // Check that the health endpoint was called (first call)


âŽ¯âŽ¯âŽ¯âŽ¯âŽ¯âŽ¯âŽ¯âŽ¯âŽ¯âŽ¯âŽ¯âŽ¯âŽ¯âŽ¯âŽ¯âŽ¯âŽ¯âŽ¯âŽ¯âŽ¯âŽ¯âŽ¯âŽ¯âŽ¯[1/6]âŽ¯

âŽ¯âŽ¯âŽ¯âŽ¯âŽ¯âŽ¯âŽ¯âŽ¯âŽ¯âŽ¯âŽ¯âŽ¯âŽ¯âŽ¯âŽ¯âŽ¯âŽ¯âŽ¯âŽ¯âŽ¯âŽ¯âŽ¯âŽ¯âŽ¯[1/6]âŽ¯

 FAIL  src/reactive-executor/__tests__/action-task-execution.test.ts > Action Task Execution Fix > should handle action task type with crafting
 FAIL  src/reactive-executor/__tests__/action-task-execution.test.ts > Action Task Execution Fix > should handle action task type with crafting
AssertionError: expected 2nd "spy" call to have been called with [ Array(2) ], but called only 1 times
AssertionError: expected 2nd "spy" call to have been called with [ Array(2) ], but called only 1 times
 â¯ src/reactive-executor/__tests__/action-task-execution.test.ts:128:23
 â¯ src/reactive-executor/__tests__/action-task-execution.test.ts:128:23
    126| 
    127|     // Verify the request was made to craft items
    128|     expect(mockFetch).toHaveBeenNthCalledWith(
       |                       ^
    129|       2,
    130|       'http://localhost:3005/action',
    126| 
    127|     // Verify the request was made to craft items
    128|     expect(mockFetch).toHaveBeenNthCalledWith(
       |                       ^
    129|       2,
    130|       'http://localhost:3005/action',


âŽ¯âŽ¯âŽ¯âŽ¯âŽ¯âŽ¯âŽ¯âŽ¯âŽ¯âŽ¯âŽ¯âŽ¯âŽ¯âŽ¯âŽ¯âŽ¯âŽ¯âŽ¯âŽ¯âŽ¯âŽ¯âŽ¯âŽ¯âŽ¯[2/6]âŽ¯

âŽ¯âŽ¯âŽ¯âŽ¯âŽ¯âŽ¯âŽ¯âŽ¯âŽ¯âŽ¯âŽ¯âŽ¯âŽ¯âŽ¯âŽ¯âŽ¯âŽ¯âŽ¯âŽ¯âŽ¯âŽ¯âŽ¯âŽ¯âŽ¯[2/6]âŽ¯

 FAIL  src/reactive-executor/__tests__/action-task-execution.test.ts > Action Task Execution Fix > should handle action task type with default exploration fallback
 FAIL  src/reactive-executor/__tests__/action-task-execution.test.ts > Action Task Execution Fix > should handle action task type with default exploration fallback
AssertionError: expected 2nd "spy" call to have been called with [ Array(2) ], but called only 1 times
AssertionError: expected 2nd "spy" call to have been called with [ Array(2) ], but called only 1 times
 â¯ src/reactive-executor/__tests__/action-task-execution.test.ts:183:23
 â¯ src/reactive-executor/__tests__/action-task-execution.test.ts:183:23
    181| 
    182|     // Verify it defaults to exploration
    183|     expect(mockFetch).toHaveBeenNthCalledWith(
       |                       ^
    184|       2,
    185|       'http://localhost:3005/action',
    181| 
    182|     // Verify it defaults to exploration
    183|     expect(mockFetch).toHaveBeenNthCalledWith(
       |                       ^
    184|       2,
    185|       'http://localhost:3005/action',


âŽ¯âŽ¯âŽ¯âŽ¯âŽ¯âŽ¯âŽ¯âŽ¯âŽ¯âŽ¯âŽ¯âŽ¯âŽ¯âŽ¯âŽ¯âŽ¯âŽ¯âŽ¯âŽ¯âŽ¯âŽ¯âŽ¯âŽ¯âŽ¯[3/6]âŽ¯

âŽ¯âŽ¯âŽ¯âŽ¯âŽ¯âŽ¯âŽ¯âŽ¯âŽ¯âŽ¯âŽ¯âŽ¯âŽ¯âŽ¯âŽ¯âŽ¯âŽ¯âŽ¯âŽ¯âŽ¯âŽ¯âŽ¯âŽ¯âŽ¯[3/6]âŽ¯

 FAIL  src/reactive-executor/__tests__/action-task-execution.test.ts > Action Task Execution Fix > should handle minecraft interface errors gracefully
 FAIL  src/reactive-executor/__tests__/action-task-execution.test.ts > Action Task Execution Fix > should handle minecraft interface errors gracefully
AssertionError: expected 'Blocked by shadow mode' to contain 'Minecraft interface responded with 500'

Expected: [32m"Minecraft interface responded with 500"[39m
Received: [31m"Blocked by shadow mode"[39m

AssertionError: expected 'Blocked by shadow mode' to contain 'Minecraft interface responded with 500'

Expected: [32m"Minecraft interface responded with 500"[39m
Received: [31m"Blocked by shadow mode"[39m

 â¯ src/reactive-executor/__tests__/action-task-execution.test.ts:234:26
 â¯ src/reactive-executor/__tests__/action-task-execution.test.ts:234:26
    232| 
    233|     expect(result.success).toBe(false);
    234|     expect(result.error).toContain('Minecraft interface responded withâ€¦
       |                          ^
    235|     expect(result.data.type).toBe('action');
    236|   });

    232| 
    233|     expect(result.success).toBe(false);
    234|     expect(result.error).toContain('Minecraft interface responded withâ€¦
       |                          ^
    235|     expect(result.data.type).toBe('action');
    236|   });

âŽ¯âŽ¯âŽ¯âŽ¯âŽ¯âŽ¯âŽ¯âŽ¯âŽ¯âŽ¯âŽ¯âŽ¯âŽ¯âŽ¯âŽ¯âŽ¯âŽ¯âŽ¯âŽ¯âŽ¯âŽ¯âŽ¯âŽ¯âŽ¯[4/6]âŽ¯

âŽ¯âŽ¯âŽ¯âŽ¯âŽ¯âŽ¯âŽ¯âŽ¯âŽ¯âŽ¯âŽ¯âŽ¯âŽ¯âŽ¯âŽ¯âŽ¯âŽ¯âŽ¯âŽ¯âŽ¯âŽ¯âŽ¯âŽ¯âŽ¯[4/6]âŽ¯

 FAIL  src/task-integration/__tests__/thought-to-task-converter.test.ts > convertThoughtToTask (Sterling reduction) > dedupes by committed_ir_digest
 FAIL  src/task-integration/__tests__/thought-to-task-converter.test.ts > convertThoughtToTask (Sterling reduction) > dedupes by committed_ir_digest
AssertionError: expected 'suppressed_dedup' to be 'created' // Object.is equality
AssertionError: expected 'suppressed_dedup' to be 'created' // Object.is equality

Expected: [32m"created"[39m
Received: [31m"suppressed_dedup"[39m


Expected: [32m"created"[39m
Received: [31m"suppressed_dedup"[39m

 â¯ src/task-integration/__tests__/thought-to-task-converter.test.ts:141:28
 â¯ src/task-integration/__tests__/thought-to-task-converter.test.ts:141:28
    140|     const thoughtB = makeThought({ metadata: { thoughtType: 'planning'â€¦
    141| 
    142|     const first = await convertThoughtToTask(thoughtA, deps);
       |                           ^
    143|     const second = await convertThoughtToTask(thoughtB, deps);
    144| 

âŽ¯âŽ¯âŽ¯âŽ¯âŽ¯âŽ¯âŽ¯âŽ¯âŽ¯âŽ¯âŽ¯âŽ¯âŽ¯âŽ¯âŽ¯âŽ¯âŽ¯âŽ¯âŽ¯âŽ¯âŽ¯âŽ¯âŽ¯âŽ¯[5/6]âŽ¯

 FAIL  src/server/__tests__/execution-readiness.test.ts > ReadinessMonitor > onChange callback does not fire when no state changes
AssertionError: expected "spy" to not be called at all, but actually been called 1 times[90m

Received: 

[1m  1st spy call:

[22m    Array [
      Object {
        "executorReady": true,
        "services": Object {
          "cognition": Object {
            "checkedAt": 1770274970831,
            "latencyMs": 0,
            "state": "up",
          },
          "dashboard": Object {
            "checkedAt": 1770274970831,
            "latencyMs": 0,
            "state": "up",
          },
          "memory": Object {
            "checkedAt": 1770274970831,
            "latencyMs": 0,
            "state": "up",
          },
          "minecraft": Object {
            "checkedAt": 1770274970831,
            "latencyMs": 0,
            "state": "up",
          },
        },
      },
    ]
[39m[90m

Number of calls: [1m1[22m
[39m
 â¯ src/server/__tests__/execution-readiness.test.ts:255:26
    140|     const thoughtB = makeThought({ metadata: { thoughtType: 'planning'â€¦
    141| 
    142|     const first = await convertThoughtToTask(thoughtA, deps);
       |                           ^
    143|     const second = await convertThoughtToTask(thoughtB, deps);
    144| 

âŽ¯âŽ¯âŽ¯âŽ¯âŽ¯âŽ¯âŽ¯âŽ¯âŽ¯âŽ¯âŽ¯âŽ¯âŽ¯âŽ¯âŽ¯âŽ¯âŽ¯âŽ¯âŽ¯âŽ¯âŽ¯âŽ¯âŽ¯âŽ¯[5/6]âŽ¯

 FAIL  src/server/__tests__/execution-readiness.test.ts > ReadinessMonitor > onChange callback does not fire when no state changes
AssertionError: expected "spy" to not be called at all, but actually been called 1 times[90m

Received: 

[1m  1st spy call:

[22m    Array [
      Object {
        "executorReady": true,
        "services": Object {
          "cognition": Object {
            "checkedAt": 1770274970831,
            "latencyMs": 0,
            "state": "up",
          },
          "dashboard": Object {
            "checkedAt": 1770274970831,
            "latencyMs": 0,
            "state": "up",
          },
          "memory": Object {
            "checkedAt": 1770274970831,
            "latencyMs": 0,
            "state": "up",
          },
          "minecraft": Object {
            "checkedAt": 1770274970831,
            "latencyMs": 0,
            "state": "up",
          },
        },
      },
    ]
[39m[90m

Number of calls: [1m1[22m
[39m
 â¯ src/server/__tests__/execution-readiness.test.ts:255:26
    253|     await vi.advanceTimersByTimeAsync(1100);
    254| 
    255|     expect(onChange).not.toHaveBeenCalled();
       |                          ^
    256| 
    257|     monitor.stopMonitoring();

âŽ¯âŽ¯âŽ¯âŽ¯âŽ¯âŽ¯âŽ¯âŽ¯âŽ¯âŽ¯âŽ¯âŽ¯âŽ¯âŽ¯âŽ¯âŽ¯âŽ¯âŽ¯âŽ¯âŽ¯âŽ¯âŽ¯âŽ¯âŽ¯[6/6]âŽ¯

    253|     await vi.advanceTimersByTimeAsync(1100);
    254| 
    255|     expect(onChange).not.toHaveBeenCalled();
       |                          ^
    256| 
    257|     monitor.stopMonitoring();

âŽ¯âŽ¯âŽ¯âŽ¯âŽ¯âŽ¯âŽ¯âŽ¯âŽ¯âŽ¯âŽ¯âŽ¯âŽ¯âŽ¯âŽ¯âŽ¯âŽ¯âŽ¯âŽ¯âŽ¯âŽ¯âŽ¯âŽ¯âŽ¯[6/6]âŽ¯

